   1              	 .syntax unified
   2              	 .cpu cortex-m4
   3              	 .eabi_attribute 27,3
   4              	 .fpu fpv4-sp-d16
   5              	 .eabi_attribute 20,1
   6              	 .eabi_attribute 21,1
   7              	 .eabi_attribute 23,3
   8              	 .eabi_attribute 24,1
   9              	 .eabi_attribute 25,1
  10              	 .eabi_attribute 26,1
  11              	 .eabi_attribute 30,4
  12              	 .eabi_attribute 34,1
  13              	 .eabi_attribute 18,4
  14              	 .thumb
  15              	 .file "dps310_ctrl.c"
  16              	 .section .text.dps310_read_byte_bitfield,"ax",%progbits
  17              	 .align 1
  18              	 .global dps310_read_byte_bitfield
  19              	 .thumb
  20              	 .thumb_func
  22              	dps310_read_byte_bitfield:
  23              	 
  24              	 
  25 0000 07B5     	 push {r0,r1,r2,lr}
  26 0002 0A46     	 mov r2,r1
  27 0004 0190     	 str r0,[sp,#4]
  28 0006 C1B2     	 uxtb r1,r0
  29 0008 7720     	 movs r0,#119
  30 000a FFF7FEFF 	 bl i2c_read_byte
  31 000e 0028     	 cmp r0,#0
  32 0010 A1BF     	 itttt ge
  33 0012 9DF80530 	 ldrbge r3,[sp,#5]
  34 0016 1840     	 andge r0,r0,r3
  35 0018 9DF80630 	 ldrbge r3,[sp,#6]
  36 001c 1841     	 asrge r0,r0,r3
  37 001e A8BF     	 it ge
  38 0020 80B2     	 uxthge r0,r0
  39 0022 00B2     	 sxth r0,r0
  40 0024 03B0     	 add sp,sp,#12
  41              	 
  42 0026 5DF804FB 	 ldr pc,[sp],#4
  44              	 .section .text.dps310_write_byte_bitfield,"ax",%progbits
  45              	 .align 1
  46              	 .global dps310_write_byte_bitfield
  47              	 .thumb
  48              	 .thumb_func
  50              	dps310_write_byte_bitfield:
  51              	 
  52              	 
  53 0000 F0B5     	 push {r4,r5,r6,r7,lr}
  54 0002 87B0     	 sub sp,sp,#28
  55 0004 CFB2     	 uxtb r7,r1
  56 0006 0391     	 str r1,[sp,#12]
  57 0008 0023     	 movs r3,#0
  58 000a 0546     	 mov r5,r0
  59 000c C1F30724 	 ubfx r4,r1,#8,#8
  60 0010 7720     	 movs r0,#119
  61 0012 3946     	 mov r1,r7
  62 0014 1646     	 mov r6,r2
  63 0016 ADF81430 	 strh r3,[sp,#20]
  64 001a FFF7FEFF 	 bl i2c_read_byte
  65 001e 0028     	 cmp r0,#0
  66 0020 18DB     	 blt .L5
  67 0022 9DF80E30 	 ldrb r3,[sp,#14]
  68 0026 8DF81470 	 strb r7,[sp,#20]
  69 002a E1B2     	 uxtb r1,r4
  70 002c 9D40     	 lsls r5,r5,r3
  71 002e 20EA0100 	 bic r0,r0,r1
  72 0032 2940     	 ands r1,r1,r5
  73 0034 0843     	 orrs r0,r0,r1
  74 0036 0123     	 movs r3,#1
  75 0038 8DF81500 	 strb r0,[sp,#21]
  76 003c 8DE84800 	 stmia sp,{r3,r6}
  77 0040 7720     	 movs r0,#119
  78 0042 05A9     	 add r1,sp,#20
  79 0044 0222     	 movs r2,#2
  80 0046 FFF7FEFF 	 bl i2c_transmit_data
  81 004a 0030     	 adds r0,r0,#0
  82 004c 18BF     	 it ne
  83 004e 0120     	 movne r0,#1
  84 0050 4042     	 negs r0,r0
  85 0052 80B2     	 uxth r0,r0
  86              	.L5:
  87 0054 00B2     	 sxth r0,r0
  88 0056 07B0     	 add sp,sp,#28
  89              	 
  90 0058 F0BD     	 pop {r4,r5,r6,r7,pc}
  92              	 .section .text.dps310_write_byte,"ax",%progbits
  93              	 .align 1
  94              	 .global dps310_write_byte
  95              	 .thumb
  96              	 .thumb_func
  98              	dps310_write_byte:
  99              	 
 100              	 
 101 0000 F0B5     	 push {r4,r5,r6,r7,lr}
 102 0002 85B0     	 sub sp,sp,#20
 103 0004 1E46     	 mov r6,r3
 104 0006 0123     	 movs r3,#1
 105 0008 8DF80C00 	 strb r0,[sp,#12]
 106 000c 8DF80D10 	 strb r1,[sp,#13]
 107 0010 0746     	 mov r7,r0
 108 0012 0D46     	 mov r5,r1
 109 0014 1446     	 mov r4,r2
 110 0016 8DE84800 	 stmia sp,{r3,r6}
 111 001a 7720     	 movs r0,#119
 112 001c 03A9     	 add r1,sp,#12
 113 001e 0222     	 movs r2,#2
 114 0020 FFF7FEFF 	 bl i2c_transmit_data
 115 0024 0028     	 cmp r0,#0
 116 0026 0CDB     	 blt .L9
 117 0028 54B1     	 cbz r4,.L11
 118 002a 7720     	 movs r0,#119
 119 002c 3946     	 mov r1,r7
 120 002e 3246     	 mov r2,r6
 121 0030 FFF7FEFF 	 bl i2c_read_byte
 122 0034 401B     	 subs r0,r0,r5
 123 0036 18BF     	 it ne
 124 0038 4FF0FF30 	 movne r0,#-1
 125 003c 80B2     	 uxth r0,r0
 126 003e 00E0     	 b .L9
 127              	.L11:
 128 0040 2046     	 mov r0,r4
 129              	.L9:
 130 0042 00B2     	 sxth r0,r0
 131 0044 05B0     	 add sp,sp,#20
 132              	 
 133 0046 F0BD     	 pop {r4,r5,r6,r7,pc}
 135              	 .section .text.dps310_read_register_block,"ax",%progbits
 136              	 .align 1
 137              	 .global dps310_read_register_block
 138              	 .thumb
 139              	 .thumb_func
 141              	dps310_read_register_block:
 142              	 
 143              	 
 144 0000 1FB5     	 push {r0,r1,r2,r3,r4,lr}
 145 0002 C0F30724 	 ubfx r4,r0,#8,#8
 146 0006 ADF80C00 	 strh r0,[sp,#12]
 147 000a 0B46     	 mov r3,r1
 148 000c 59B1     	 cbz r1,.L14
 149 000e 0092     	 str r2,[sp]
 150 0010 9DF80C10 	 ldrb r1,[sp,#12]
 151 0014 1A46     	 mov r2,r3
 152 0016 7720     	 movs r0,#119
 153 0018 2346     	 mov r3,r4
 154 001a FFF7FEFF 	 bl i2c_read_block
 155 001e 0028     	 cmp r0,#0
 156 0020 03DB     	 blt .L13
 157 0022 A0B2     	 uxth r0,r4
 158 0024 01E0     	 b .L13
 159              	.L14:
 160 0026 4FF6FF70 	 movw r0,#65535
 161              	.L13:
 162 002a 00B2     	 sxth r0,r0
 163 002c 04B0     	 add sp,sp,#16
 164              	 
 165 002e 10BD     	 pop {r4,pc}
 167              	 .section .text.get_twos_complement,"ax",%progbits
 168              	 .align 1
 169              	 .global get_twos_complement
 170              	 .thumb
 171              	 .thumb_func
 173              	get_twos_complement:
 174              	 
 175              	 
 176              	 
 177 0000 0368     	 ldr r3,[r0]
 178 0002 4A1E     	 subs r2,r1,#1
 179 0004 23FA02F2 	 lsr r2,r3,r2
 180 0008 D207     	 lsls r2,r2,#31
 181 000a 41BF     	 itttt mi
 182 000c 0122     	 movmi r2,#1
 183 000e 8A40     	 lslmi r2,r2,r1
 184 0010 9B1A     	 submi r3,r3,r2
 185 0012 0360     	 strmi r3,[r0]
 186 0014 7047     	 bx lr
 188              	 .section .text.calc_busy_time,"ax",%progbits
 189              	 .align 1
 190              	 .global calc_busy_time
 191              	 .thumb
 192              	 .thumb_func
 194              	calc_busy_time:
 195              	 
 196              	 
 197              	 
 198 0000 0144     	 add r1,r1,r0
 199 0002 1022     	 movs r2,#16
 200 0004 1423     	 movs r3,#20
 201 0006 8A40     	 lsls r2,r2,r1
 202 0008 8340     	 lsls r3,r3,r0
 203 000a D018     	 adds r0,r2,r3
 204 000c 80B2     	 uxth r0,r0
 205 000e 7047     	 bx lr
 207              	 .section .text.calc_temp,"ax",%progbits
 208              	 .align 1
 209              	 .global calc_temp
 210              	 .thumb
 211              	 .thumb_func
 213              	calc_temp:
 214              	 
 215              	 
 216              	 
 217 0000 0F4B     	 ldr r3,.L23
 218 0002 1A79     	 ldrb r2,[r3,#4]
 219 0004 0F4B     	 ldr r3,.L23+4
 220 0006 07EE900A 	 fmsr s15,r0
 221 000a 53F82230 	 ldr r3,[r3,r2,lsl#2]
 222 000e B8EEE77A 	 fsitos s14,s15
 223 0012 07EE903A 	 fmsr s15,r3
 224 0016 F8EEE77A 	 fsitos s15,s15
 225 001a 0B4B     	 ldr r3,.L23+8
 226 001c C7EE277A 	 fdivs s15,s14,s15
 227 0020 93ED017A 	 flds s14,[r3,#4]
 228 0024 C3ED097A 	 fsts s15,[r3,#36]
 229 0028 F8EEC76A 	 fsitos s13,s14
 230 002c 93ED007A 	 flds s14,[r3]
 231 0030 B8EEC77A 	 fsitos s14,s14
 232 0034 A6EEA77A 	 vfma.f32 s14,s13,s15
 233 0038 17EE100A 	 fmrs r0,s14
 234 003c 7047     	 bx lr
 235              	.L24:
 236 003e 00BF     	 .align 2
 237              	.L23:
 238 0040 00000000 	 .word .LANCHOR1
 239 0044 00000000 	 .word .LANCHOR0
 240 0048 00000000 	 .word .LANCHOR2
 242              	 .section .text.calc_preassure,"ax",%progbits
 243              	 .align 1
 244              	 .global calc_preassure
 245              	 .thumb
 246              	 .thumb_func
 248              	calc_preassure:
 249              	 
 250              	 
 251              	 
 252 0000 1F4B     	 ldr r3,.L26
 253 0002 9A79     	 ldrb r2,[r3,#6]
 254 0004 1F4B     	 ldr r3,.L26+4
 255 0006 07EE900A 	 fmsr s15,r0
 256 000a 53F82230 	 ldr r3,[r3,r2,lsl#2]
 257 000e B8EEE77A 	 fsitos s14,s15
 258 0012 07EE903A 	 fmsr s15,r3
 259 0016 F8EEE77A 	 fsitos s15,s15
 260 001a 1B4B     	 ldr r3,.L26+8
 261 001c C7EE277A 	 fdivs s15,s14,s15
 262 0020 93ED066A 	 flds s12,[r3,#24]
 263 0024 D3ED085A 	 flds s11,[r3,#32]
 264 0028 D3ED036A 	 flds s13,[r3,#12]
 265 002c 93ED027A 	 flds s14,[r3,#8]
 266 0030 F8EEE55A 	 fsitos s11,s11
 267 0034 B8EEC66A 	 fsitos s12,s12
 268 0038 F8EEE66A 	 fsitos s13,s13
 269 003c A7EEA56A 	 vfma.f32 s12,s15,s11
 270 0040 D3ED075A 	 flds s11,[r3,#28]
 271 0044 E7EE866A 	 vfma.f32 s13,s15,s12
 272 0048 93ED056A 	 flds s12,[r3,#20]
 273 004c F8EEE55A 	 fsitos s11,s11
 274 0050 B8EEC77A 	 fsitos s14,s14
 275 0054 B8EEC66A 	 fsitos s12,s12
 276 0058 A7EEA67A 	 vfma.f32 s14,s15,s13
 277 005c A7EEA56A 	 vfma.f32 s12,s15,s11
 278 0060 D3ED046A 	 flds s13,[r3,#16]
 279 0064 F8EEE66A 	 fsitos s13,s13
 280 0068 E7EE866A 	 vfma.f32 s13,s15,s12
 281 006c F0EE667A 	 fcpys s15,s13
 282 0070 D3ED096A 	 flds s13,[r3,#36]
 283 0074 A6EEA77A 	 vfma.f32 s14,s13,s15
 284 0078 17EE100A 	 fmrs r0,s14
 285 007c 7047     	 bx lr
 286              	.L27:
 287 007e 00BF     	 .align 2
 288              	.L26:
 289 0080 00000000 	 .word .LANCHOR1
 290 0084 00000000 	 .word .LANCHOR0
 291 0088 00000000 	 .word .LANCHOR2
 293              	 .section .text.dps310_deinit,"ax",%progbits
 294              	 .align 1
 295              	 .global dps310_deinit
 296              	 .thumb
 297              	 .thumb_func
 299              	dps310_deinit:
 300              	 
 301              	 
 302 0000 0022     	 movs r2,#0
 303 0002 08B5     	 push {r3,lr}
 304 0004 0921     	 movs r1,#9
 305 0006 1346     	 mov r3,r2
 306 0008 0C20     	 movs r0,#12
 307 000a FFF7FEFF 	 bl dps310_write_byte
 308 000e 074B     	 ldr r3,.L29
 309 0010 0022     	 movs r2,#0
 310 0012 0121     	 movs r1,#1
 311 0014 1A70     	 strb r2,[r3]
 312 0016 5A70     	 strb r2,[r3,#1]
 313 0018 9A70     	 strb r2,[r3,#2]
 314 001a 1A71     	 strb r2,[r3,#4]
 315 001c 0422     	 movs r2,#4
 316 001e 9A71     	 strb r2,[r3,#6]
 317 0020 D970     	 strb r1,[r3,#3]
 318 0022 0022     	 movs r2,#0
 319 0024 5971     	 strb r1,[r3,#5]
 320 0026 DA60     	 str r2,[r3,#12]
 321 0028 9A60     	 str r2,[r3,#8]
 322 002a 08BD     	 pop {r3,pc}
 323              	.L30:
 324              	 .align 2
 325              	.L29:
 326 002c 00000000 	 .word .LANCHOR1
 328              	 .section .text.dps310_get_product_id,"ax",%progbits
 329              	 .align 1
 330              	 .global dps310_get_product_id
 331              	 .thumb
 332              	 .thumb_func
 334              	dps310_get_product_id:
 335              	 
 336              	 
 337 0000 08B5     	 push {r3,lr}
 338 0002 094A     	 ldr r2,.L34
 339 0004 5078     	 ldrb r0,[r2,#1]
 340 0006 1378     	 ldrb r3,[r2]
 341 0008 43EA0023 	 orr r3,r3,r0,lsl#8
 342 000c 9078     	 ldrb r0,[r2,#2]
 343 000e 0021     	 movs r1,#0
 344 0010 43EA0040 	 orr r0,r3,r0,lsl#16
 345 0014 FFF7FEFF 	 bl dps310_read_byte_bitfield
 346 0018 4FF6FF73 	 movw r3,#65535
 347 001c 30EA2000 	 bics r0,r0,r0,asr#32
 348 0020 28BF     	 it cs
 349 0022 1846     	 movcs r0,r3
 350 0024 00B2     	 sxth r0,r0
 351 0026 08BD     	 pop {r3,pc}
 352              	.L35:
 353              	 .align 2
 354              	.L34:
 355 0028 00000000 	 .word registers
 357              	 .section .text.dps310_get_revision_id,"ax",%progbits
 358              	 .align 1
 359              	 .global dps310_get_revision_id
 360              	 .thumb
 361              	 .thumb_func
 363              	dps310_get_revision_id:
 364              	 
 365              	 
 366 0000 08B5     	 push {r3,lr}
 367 0002 094A     	 ldr r2,.L39
 368 0004 1079     	 ldrb r0,[r2,#4]
 369 0006 D378     	 ldrb r3,[r2,#3]
 370 0008 43EA0023 	 orr r3,r3,r0,lsl#8
 371 000c 5079     	 ldrb r0,[r2,#5]
 372 000e 0021     	 movs r1,#0
 373 0010 43EA0040 	 orr r0,r3,r0,lsl#16
 374 0014 FFF7FEFF 	 bl dps310_read_byte_bitfield
 375 0018 4FF6FF73 	 movw r3,#65535
 376 001c 30EA2000 	 bics r0,r0,r0,asr#32
 377 0020 28BF     	 it cs
 378 0022 1846     	 movcs r0,r3
 379 0024 00B2     	 sxth r0,r0
 380 0026 08BD     	 pop {r3,pc}
 381              	.L40:
 382              	 .align 2
 383              	.L39:
 384 0028 00000000 	 .word registers
 386              	 .section .text.dps310_get_calibrated_temp_sensor,"ax",%progbits
 387              	 .align 1
 388              	 .global dps310_get_calibrated_temp_sensor
 389              	 .thumb
 390              	 .thumb_func
 392              	dps310_get_calibrated_temp_sensor:
 393              	 
 394              	 
 395 0000 08B5     	 push {r3,lr}
 396 0002 094A     	 ldr r2,.L44
 397 0004 907A     	 ldrb r0,[r2,#10]
 398 0006 537A     	 ldrb r3,[r2,#9]
 399 0008 43EA0023 	 orr r3,r3,r0,lsl#8
 400 000c D07A     	 ldrb r0,[r2,#11]
 401 000e 0021     	 movs r1,#0
 402 0010 43EA0040 	 orr r0,r3,r0,lsl#16
 403 0014 FFF7FEFF 	 bl dps310_read_byte_bitfield
 404 0018 4FF6FF73 	 movw r3,#65535
 405 001c 30EA2000 	 bics r0,r0,r0,asr#32
 406 0020 28BF     	 it cs
 407 0022 1846     	 movcs r0,r3
 408 0024 00B2     	 sxth r0,r0
 409 0026 08BD     	 pop {r3,pc}
 410              	.L45:
 411              	 .align 2
 412              	.L44:
 413 0028 00000000 	 .word registers
 415              	 .section .text.dps310_get_temp_sensor_coeff,"ax",%progbits
 416              	 .align 1
 417              	 .global dps310_get_temp_sensor_coeff
 418              	 .thumb
 419              	 .thumb_func
 421              	dps310_get_temp_sensor_coeff:
 422              	 
 423              	 
 424 0000 10B5     	 push {r4,lr}
 425 0002 86B0     	 sub sp,sp,#24
 426 0004 0021     	 movs r1,#0
 427 0006 1222     	 movs r2,#18
 428 0008 01A8     	 add r0,sp,#4
 429 000a FFF7FEFF 	 bl memset
 430 000e 474B     	 ldr r3,.L49
 431 0010 1A78     	 ldrb r2,[r3]
 432 0012 5878     	 ldrb r0,[r3,#1]
 433 0014 01A9     	 add r1,sp,#4
 434 0016 42EA0020 	 orr r0,r2,r0,lsl#8
 435 001a 0022     	 movs r2,#0
 436 001c FFF7FEFF 	 bl dps310_read_register_block
 437 0020 0028     	 cmp r0,#0
 438 0022 7EDB     	 blt .L48
 439 0024 9DF80430 	 ldrb r3,[sp,#4]
 440 0028 414C     	 ldr r4,.L49+4
 441 002a 9DF80520 	 ldrb r2,[sp,#5]
 442 002e 1B01     	 lsls r3,r3,#4
 443 0030 43EA1213 	 orr r3,r3,r2,lsr#4
 444 0034 2046     	 mov r0,r4
 445 0036 0C21     	 movs r1,#12
 446 0038 2360     	 str r3,[r4]
 447 003a FFF7FEFF 	 bl get_twos_complement
 448 003e 2368     	 ldr r3,[r4]
 449 0040 5B08     	 lsrs r3,r3,#1
 450 0042 2360     	 str r3,[r4]
 451 0044 9DF80530 	 ldrb r3,[sp,#5]
 452 0048 03F00F02 	 and r2,r3,#15
 453 004c 9DF80630 	 ldrb r3,[sp,#6]
 454 0050 2046     	 mov r0,r4
 455 0052 43EA0223 	 orr r3,r3,r2,lsl#8
 456 0056 40F8043F 	 str r3,[r0,#4]!
 457 005a 0C21     	 movs r1,#12
 458 005c FFF7FEFF 	 bl get_twos_complement
 459 0060 9DF80730 	 ldrb r3,[sp,#7]
 460 0064 9DF80820 	 ldrb r2,[sp,#8]
 461 0068 1B03     	 lsls r3,r3,#12
 462 006a 43EA0213 	 orr r3,r3,r2,lsl#4
 463 006e 9DF80920 	 ldrb r2,[sp,#9]
 464 0072 2046     	 mov r0,r4
 465 0074 43EA1213 	 orr r3,r3,r2,lsr#4
 466 0078 40F8083F 	 str r3,[r0,#8]!
 467 007c 1421     	 movs r1,#20
 468 007e FFF7FEFF 	 bl get_twos_complement
 469 0082 9DF80B30 	 ldrb r3,[sp,#11]
 470 0086 9DF80A20 	 ldrb r2,[sp,#10]
 471 008a 43EA0222 	 orr r2,r3,r2,lsl#8
 472 008e 9DF80930 	 ldrb r3,[sp,#9]
 473 0092 2046     	 mov r0,r4
 474 0094 03F00F03 	 and r3,r3,#15
 475 0098 42EA0343 	 orr r3,r2,r3,lsl#16
 476 009c 40F80C3F 	 str r3,[r0,#12]!
 477 00a0 1421     	 movs r1,#20
 478 00a2 FFF7FEFF 	 bl get_twos_complement
 479 00a6 9DF80C20 	 ldrb r2,[sp,#12]
 480 00aa 9DF80D30 	 ldrb r3,[sp,#13]
 481 00ae 2046     	 mov r0,r4
 482 00b0 43EA0223 	 orr r3,r3,r2,lsl#8
 483 00b4 40F8103F 	 str r3,[r0,#16]!
 484 00b8 1021     	 movs r1,#16
 485 00ba FFF7FEFF 	 bl get_twos_complement
 486 00be 9DF80E20 	 ldrb r2,[sp,#14]
 487 00c2 9DF80F30 	 ldrb r3,[sp,#15]
 488 00c6 2046     	 mov r0,r4
 489 00c8 43EA0223 	 orr r3,r3,r2,lsl#8
 490 00cc 40F8143F 	 str r3,[r0,#20]!
 491 00d0 1021     	 movs r1,#16
 492 00d2 FFF7FEFF 	 bl get_twos_complement
 493 00d6 9DF81020 	 ldrb r2,[sp,#16]
 494 00da 9DF81130 	 ldrb r3,[sp,#17]
 495 00de 2046     	 mov r0,r4
 496 00e0 43EA0223 	 orr r3,r3,r2,lsl#8
 497 00e4 40F8183F 	 str r3,[r0,#24]!
 498 00e8 1021     	 movs r1,#16
 499 00ea FFF7FEFF 	 bl get_twos_complement
 500 00ee 9DF81220 	 ldrb r2,[sp,#18]
 501 00f2 9DF81330 	 ldrb r3,[sp,#19]
 502 00f6 2046     	 mov r0,r4
 503 00f8 43EA0223 	 orr r3,r3,r2,lsl#8
 504 00fc 40F81C3F 	 str r3,[r0,#28]!
 505 0100 1021     	 movs r1,#16
 506 0102 FFF7FEFF 	 bl get_twos_complement
 507 0106 9DF81420 	 ldrb r2,[sp,#20]
 508 010a 9DF81530 	 ldrb r3,[sp,#21]
 509 010e 2046     	 mov r0,r4
 510 0110 43EA0223 	 orr r3,r3,r2,lsl#8
 511 0114 40F8203F 	 str r3,[r0,#32]!
 512 0118 1021     	 movs r1,#16
 513 011a FFF7FEFF 	 bl get_twos_complement
 514 011e 0020     	 movs r0,#0
 515 0120 01E0     	 b .L47
 516              	.L48:
 517 0122 4FF6FF70 	 movw r0,#65535
 518              	.L47:
 519 0126 00B2     	 sxth r0,r0
 520 0128 06B0     	 add sp,sp,#24
 521              	 
 522 012a 10BD     	 pop {r4,pc}
 523              	.L50:
 524              	 .align 2
 525              	.L49:
 526 012c 00000000 	 .word .LANCHOR3
 527 0130 00000000 	 .word .LANCHOR2
 529              	 .section .text.dps310_configure_temp_meas,"ax",%progbits
 530              	 .align 1
 531              	 .global dps310_configure_temp_meas
 532              	 .thumb
 533              	 .thumb_func
 535              	dps310_configure_temp_meas:
 536              	 
 537              	 
 538 0000 70B5     	 push {r4,r5,r6,lr}
 539 0002 144C     	 ldr r4,.L55
 540 0004 01F00705 	 and r5,r1,#7
 541 0008 2378     	 ldrb r3,[r4]
 542 000a 6178     	 ldrb r1,[r4,#1]
 543 000c 43EA0123 	 orr r3,r3,r1,lsl#8
 544 0010 A178     	 ldrb r1,[r4,#2]
 545 0012 00F00706 	 and r6,r0,#7
 546 0016 0022     	 movs r2,#0
 547 0018 3046     	 mov r0,r6
 548 001a 43EA0141 	 orr r1,r3,r1,lsl#16
 549 001e FFF7FEFF 	 bl dps310_write_byte_bitfield
 550 0022 0246     	 mov r2,r0
 551 0024 88B9     	 cbnz r0,.L53
 552 0026 2179     	 ldrb r1,[r4,#4]
 553 0028 E378     	 ldrb r3,[r4,#3]
 554 002a 43EA0123 	 orr r3,r3,r1,lsl#8
 555 002e 6179     	 ldrb r1,[r4,#5]
 556 0030 43EA0143 	 orr r3,r3,r1,lsl#16
 557 0034 00F07F41 	 and r1,r0,#-16777216
 558 0038 1943     	 orrs r1,r1,r3
 559 003a 2846     	 mov r0,r5
 560 003c FFF7FEFF 	 bl dps310_write_byte_bitfield
 561 0040 28B9     	 cbnz r0,.L52
 562 0042 054B     	 ldr r3,.L55+4
 563 0044 DE70     	 strb r6,[r3,#3]
 564 0046 1D71     	 strb r5,[r3,#4]
 565 0048 01E0     	 b .L52
 566              	.L53:
 567 004a 4FF6FF70 	 movw r0,#65535
 568              	.L52:
 569 004e 00B2     	 sxth r0,r0
 570 0050 70BD     	 pop {r4,r5,r6,pc}
 571              	.L56:
 572 0052 00BF     	 .align 2
 573              	.L55:
 574 0054 00000000 	 .word config_registers
 575 0058 00000000 	 .word .LANCHOR1
 577              	 .section .text.dps310_configure_pressure_meas,"ax",%progbits
 578              	 .align 1
 579              	 .global dps310_configure_pressure_meas
 580              	 .thumb
 581              	 .thumb_func
 583              	dps310_configure_pressure_meas:
 584              	 
 585              	 
 586 0000 70B5     	 push {r4,r5,r6,lr}
 587 0002 144C     	 ldr r4,.L61
 588 0004 01F00705 	 and r5,r1,#7
 589 0008 A379     	 ldrb r3,[r4,#6]
 590 000a E179     	 ldrb r1,[r4,#7]
 591 000c 43EA0123 	 orr r3,r3,r1,lsl#8
 592 0010 217A     	 ldrb r1,[r4,#8]
 593 0012 00F00706 	 and r6,r0,#7
 594 0016 0022     	 movs r2,#0
 595 0018 3046     	 mov r0,r6
 596 001a 43EA0141 	 orr r1,r3,r1,lsl#16
 597 001e FFF7FEFF 	 bl dps310_write_byte_bitfield
 598 0022 0246     	 mov r2,r0
 599 0024 10B1     	 cbz r0,.L58
 600              	.L60:
 601 0026 4FF6FF70 	 movw r0,#65535
 602 002a 11E0     	 b .L59
 603              	.L58:
 604 002c A17A     	 ldrb r1,[r4,#10]
 605 002e 637A     	 ldrb r3,[r4,#9]
 606 0030 43EA0123 	 orr r3,r3,r1,lsl#8
 607 0034 E17A     	 ldrb r1,[r4,#11]
 608 0036 43EA0143 	 orr r3,r3,r1,lsl#16
 609 003a 00F07F41 	 and r1,r0,#-16777216
 610 003e 1943     	 orrs r1,r1,r3
 611 0040 2846     	 mov r0,r5
 612 0042 FFF7FEFF 	 bl dps310_write_byte_bitfield
 613 0046 0028     	 cmp r0,#0
 614 0048 EDD1     	 bne .L60
 615 004a 034B     	 ldr r3,.L61+4
 616 004c 5E71     	 strb r6,[r3,#5]
 617 004e 9D71     	 strb r5,[r3,#6]
 618              	.L59:
 619 0050 00B2     	 sxth r0,r0
 620 0052 70BD     	 pop {r4,r5,r6,pc}
 621              	.L62:
 622              	 .align 2
 623              	.L61:
 624 0054 00000000 	 .word config_registers
 625 0058 00000000 	 .word .LANCHOR1
 627              	 .section .text.dps310_enable_FIFO,"ax",%progbits
 628              	 .align 1
 629              	 .global dps310_enable_FIFO
 630              	 .thumb
 631              	 .thumb_func
 633              	dps310_enable_FIFO:
 634              	 
 635              	 
 636              	 
 637 0000 054A     	 ldr r2,.L64
 638 0002 117C     	 ldrb r1,[r2,#16]
 639 0004 D37B     	 ldrb r3,[r2,#15]
 640 0006 43EA0123 	 orr r3,r3,r1,lsl#8
 641 000a 517C     	 ldrb r1,[r2,#17]
 642 000c 0120     	 movs r0,#1
 643 000e 43EA0141 	 orr r1,r3,r1,lsl#16
 644 0012 0022     	 movs r2,#0
 645 0014 FFF7FEBF 	 b dps310_write_byte_bitfield
 646              	.L65:
 647              	 .align 2
 648              	.L64:
 649 0018 00000000 	 .word config_registers
 651              	 .section .text.dps310_flush_FIFO,"ax",%progbits
 652              	 .align 1
 653              	 .global dps310_flush_FIFO
 654              	 .thumb
 655              	 .thumb_func
 657              	dps310_flush_FIFO:
 658              	 
 659              	 
 660              	 
 661 0000 054A     	 ldr r2,.L67
 662 0002 D17C     	 ldrb r1,[r2,#19]
 663 0004 937C     	 ldrb r3,[r2,#18]
 664 0006 43EA0123 	 orr r3,r3,r1,lsl#8
 665 000a 117D     	 ldrb r1,[r2,#20]
 666 000c 0120     	 movs r0,#1
 667 000e 43EA0141 	 orr r1,r3,r1,lsl#16
 668 0012 0246     	 mov r2,r0
 669 0014 FFF7FEBF 	 b dps310_write_byte_bitfield
 670              	.L68:
 671              	 .align 2
 672              	.L67:
 673 0018 00000000 	 .word registers
 675              	 .section .text.dps310_disable_FIFO,"ax",%progbits
 676              	 .align 1
 677              	 .global dps310_disable_FIFO
 678              	 .thumb
 679              	 .thumb_func
 681              	dps310_disable_FIFO:
 682              	 
 683              	 
 684 0000 08B5     	 push {r3,lr}
 685 0002 FFF7FEFF 	 bl dps310_flush_FIFO
 686 0006 074A     	 ldr r2,.L70
 687 0008 117C     	 ldrb r1,[r2,#16]
 688 000a D37B     	 ldrb r3,[r2,#15]
 689 000c 43EA0123 	 orr r3,r3,r1,lsl#8
 690 0010 517C     	 ldrb r1,[r2,#17]
 691 0012 0020     	 movs r0,#0
 692 0014 43EA0141 	 orr r1,r3,r1,lsl#16
 693 0018 0246     	 mov r2,r0
 694 001a BDE80840 	 pop {r3,lr}
 695 001e FFF7FEBF 	 b dps310_write_byte_bitfield
 696              	.L71:
 697 0022 00BF     	 .align 2
 698              	.L70:
 699 0024 00000000 	 .word config_registers
 701              	 .section .text.dps310_read_FIFO_state,"ax",%progbits
 702              	 .align 1
 703              	 .global dps310_read_FIFO_state
 704              	 .thumb
 705              	 .thumb_func
 707              	dps310_read_FIFO_state:
 708              	 
 709              	 
 710              	 
 711 0000 054A     	 ldr r2,.L73
 712 0002 507E     	 ldrb r0,[r2,#25]
 713 0004 137E     	 ldrb r3,[r2,#24]
 714 0006 43EA0023 	 orr r3,r3,r0,lsl#8
 715 000a 907E     	 ldrb r0,[r2,#26]
 716 000c 0121     	 movs r1,#1
 717 000e 43EA0040 	 orr r0,r3,r0,lsl#16
 718 0012 FFF7FEBF 	 b dps310_read_byte_bitfield
 719              	.L74:
 720 0016 00BF     	 .align 2
 721              	.L73:
 722 0018 00000000 	 .word registers
 724              	 .section .text.get_FIFO_value,"ax",%progbits
 725              	 .align 1
 726              	 .global get_FIFO_value
 727              	 .thumb
 728              	 .thumb_func
 730              	get_FIFO_value:
 731              	 
 732              	 
 733 0000 13B5     	 push {r0,r1,r4,lr}
 734 0002 0022     	 movs r2,#0
 735 0004 ADF80420 	 strh r2,[sp,#4]
 736 0008 8DF80620 	 strb r2,[sp,#6]
 737 000c 0446     	 mov r4,r0
 738 000e 10B9     	 cbnz r0,.L76
 739              	.L78:
 740 0010 4FF6FF70 	 movw r0,#65535
 741 0014 1CE0     	 b .L77
 742              	.L76:
 743 0016 104B     	 ldr r3,.L79
 744 0018 1978     	 ldrb r1,[r3]
 745 001a 5878     	 ldrb r0,[r3,#1]
 746 001c 41EA0020 	 orr r0,r1,r0,lsl#8
 747 0020 01A9     	 add r1,sp,#4
 748 0022 FFF7FEFF 	 bl dps310_read_register_block
 749 0026 0328     	 cmp r0,#3
 750 0028 F2D1     	 bne .L78
 751 002a 9DF80530 	 ldrb r3,[sp,#5]
 752 002e 9DF80420 	 ldrb r2,[sp,#4]
 753 0032 1B02     	 lsls r3,r3,#8
 754 0034 43EA0243 	 orr r3,r3,r2,lsl#16
 755 0038 9DF80620 	 ldrb r2,[sp,#6]
 756 003c 1343     	 orrs r3,r3,r2
 757 003e 2046     	 mov r0,r4
 758 0040 2360     	 str r3,[r4]
 759 0042 1821     	 movs r1,#24
 760 0044 FFF7FEFF 	 bl get_twos_complement
 761 0048 9DF80600 	 ldrb r0,[sp,#6]
 762 004c 00F00100 	 and r0,r0,#1
 763              	.L77:
 764 0050 00B2     	 sxth r0,r0
 765 0052 02B0     	 add sp,sp,#8
 766              	 
 767 0054 10BD     	 pop {r4,pc}
 768              	.L80:
 769 0056 00BF     	 .align 2
 770              	.L79:
 771 0058 00000000 	 .word registerBlocks
 773              	 .section .text.dps310_get_raw_result,"ax",%progbits
 774              	 .align 1
 775              	 .global dps310_get_raw_result
 776              	 .thumb
 777              	 .thumb_func
 779              	dps310_get_raw_result:
 780              	 
 781              	 
 782 0000 30B5     	 push {r4,r5,lr}
 783 0002 85B0     	 sub sp,sp,#20
 784 0004 0024     	 movs r4,#0
 785 0006 ADF80410 	 strh r1,[sp,#4]
 786 000a 0546     	 mov r5,r0
 787 000c 03A9     	 add r1,sp,#12
 788 000e 0198     	 ldr r0,[sp,#4]
 789 0010 ADF80C40 	 strh r4,[sp,#12]
 790 0014 0122     	 movs r2,#1
 791 0016 8DF80E40 	 strb r4,[sp,#14]
 792 001a FFF7FEFF 	 bl dps310_read_register_block
 793 001e 0328     	 cmp r0,#3
 794 0020 10D1     	 bne .L83
 795 0022 9DF80D30 	 ldrb r3,[sp,#13]
 796 0026 9DF80C20 	 ldrb r2,[sp,#12]
 797 002a 1B02     	 lsls r3,r3,#8
 798 002c 43EA0243 	 orr r3,r3,r2,lsl#16
 799 0030 9DF80E20 	 ldrb r2,[sp,#14]
 800 0034 1343     	 orrs r3,r3,r2
 801 0036 2846     	 mov r0,r5
 802 0038 2B60     	 str r3,[r5]
 803 003a 1821     	 movs r1,#24
 804 003c FFF7FEFF 	 bl get_twos_complement
 805 0040 2046     	 mov r0,r4
 806 0042 01E0     	 b .L82
 807              	.L83:
 808 0044 4FF6FF70 	 movw r0,#65535
 809              	.L82:
 810 0048 00B2     	 sxth r0,r0
 811 004a 05B0     	 add sp,sp,#20
 812              	 
 813 004c 30BD     	 pop {r4,r5,pc}
 815              	 .section .text.dps310_get_single_result,"ax",%progbits
 816              	 .align 1
 817              	 .global dps310_get_single_result
 818              	 .thumb
 819              	 .thumb_func
 821              	dps310_get_single_result:
 822              	 
 823              	 
 824 0000 2A4B     	 ldr r3,.L103
 825 0002 1A78     	 ldrb r2,[r3]
 826 0004 73B5     	 push {r0,r1,r4,r5,r6,lr}
 827 0006 0546     	 mov r5,r0
 828 0008 1E46     	 mov r6,r3
 829 000a 002A     	 cmp r2,#0
 830 000c 46D0     	 beq .L94
 831 000e 93F90110 	 ldrsb r1,[r3,#1]
 832 0012 0129     	 cmp r1,#1
 833 0014 0BD0     	 beq .L86
 834 0016 0229     	 cmp r1,#2
 835 0018 43D1     	 bne .L99
 836 001a 254A     	 ldr r2,.L103+4
 837 001c D07C     	 ldrb r0,[r2,#19]
 838 001e 937C     	 ldrb r3,[r2,#18]
 839 0020 43EA0023 	 orr r3,r3,r0,lsl#8
 840 0024 107D     	 ldrb r0,[r2,#20]
 841 0026 0121     	 movs r1,#1
 842 0028 43EA0040 	 orr r0,r3,r0,lsl#16
 843 002c 07E0     	 b .L101
 844              	.L86:
 845 002e 204A     	 ldr r2,.L103+4
 846 0030 907D     	 ldrb r0,[r2,#22]
 847 0032 537D     	 ldrb r3,[r2,#21]
 848 0034 43EA0023 	 orr r3,r3,r0,lsl#8
 849 0038 D07D     	 ldrb r0,[r2,#23]
 850 003a 43EA0040 	 orr r0,r3,r0,lsl#16
 851              	.L101:
 852 003e FFF7FEFF 	 bl dps310_read_byte_bitfield
 853 0042 00B2     	 sxth r0,r0
 854 0044 10B1     	 cbz r0,.L89
 855 0046 0128     	 cmp r0,#1
 856 0048 25D1     	 bne .L100
 857 004a 02E0     	 b .L90
 858              	.L89:
 859 004c 4FF6FC70 	 movw r0,#65532
 860 0050 29E0     	 b .L85
 861              	.L90:
 862 0052 7378     	 ldrb r3,[r6,#1]
 863 0054 5BB2     	 sxtb r3,r3
 864 0056 0024     	 movs r4,#0
 865 0058 012B     	 cmp r3,#1
 866 005a 7470     	 strb r4,[r6,#1]
 867 005c 0DD0     	 beq .L92
 868 005e 022B     	 cmp r3,#2
 869 0060 19D1     	 bne .L100
 870 0062 144B     	 ldr r3,.L103+8
 871 0064 9A78     	 ldrb r2,[r3,#2]
 872 0066 D978     	 ldrb r1,[r3,#3]
 873 0068 01A8     	 add r0,sp,#4
 874 006a 42EA0121 	 orr r1,r2,r1,lsl#8
 875 006e FFF7FEFF 	 bl dps310_get_raw_result
 876 0072 0198     	 ldr r0,[sp,#4]
 877 0074 FFF7FEFF 	 bl calc_temp
 878 0078 0AE0     	 b .L102
 879              	.L92:
 880 007a 0E4B     	 ldr r3,.L103+8
 881 007c 1A78     	 ldrb r2,[r3]
 882 007e 5978     	 ldrb r1,[r3,#1]
 883 0080 01A8     	 add r0,sp,#4
 884 0082 42EA0121 	 orr r1,r2,r1,lsl#8
 885 0086 FFF7FEFF 	 bl dps310_get_raw_result
 886 008a 0198     	 ldr r0,[sp,#4]
 887 008c FFF7FEFF 	 bl calc_preassure
 888              	.L102:
 889 0090 2860     	 str r0,[r5]
 890 0092 2046     	 mov r0,r4
 891 0094 07E0     	 b .L85
 892              	.L100:
 893 0096 4FF6FF70 	 movw r0,#65535
 894 009a 04E0     	 b .L85
 895              	.L94:
 896 009c 4FF6FE70 	 movw r0,#65534
 897 00a0 01E0     	 b .L85
 898              	.L99:
 899 00a2 4FF6FD70 	 movw r0,#65533
 900              	.L85:
 901 00a6 00B2     	 sxth r0,r0
 902 00a8 02B0     	 add sp,sp,#8
 903              	 
 904 00aa 70BD     	 pop {r4,r5,r6,pc}
 905              	.L104:
 906              	 .align 2
 907              	.L103:
 908 00ac 00000000 	 .word .LANCHOR1
 909 00b0 00000000 	 .word config_registers
 910 00b4 00000000 	 .word registerBlocks
 912              	 .global __aeabi_f2d
 913              	 .section .text.dps310_get_cont_results,"ax",%progbits
 914              	 .align 1
 915              	 .global dps310_get_cont_results
 916              	 .thumb
 917              	 .thumb_func
 919              	dps310_get_cont_results:
 920              	 
 921              	 
 922 0000 30B5     	 push {r4,r5,lr}
 923 0002 93B0     	 sub sp,sp,#76
 924 0004 05A8     	 add r0,sp,#20
 925 0006 0021     	 movs r1,#0
 926 0008 3222     	 movs r2,#50
 927 000a 3F4D     	 ldr r5,.L115
 928 000c FFF7FEFF 	 bl memset
 929 0010 0023     	 movs r3,#0
 930 0012 ADF80C30 	 strh r3,[sp,#12]
 931 0016 8DF80E30 	 strb r3,[sp,#14]
 932 001a 0493     	 str r3,[sp,#16]
 933 001c 2B78     	 ldrb r3,[r5]
 934 001e 002B     	 cmp r3,#0
 935 0020 69D0     	 beq .L109
 936 0022 6B78     	 ldrb r3,[r5,#1]
 937 0024 5A07     	 lsls r2,r3,#29
 938 0026 69D5     	 bpl .L110
 939 0028 FFF7FEFF 	 bl dps310_read_FIFO_state
 940 002c 0128     	 cmp r0,#1
 941 002e 01D1     	 bne .L107
 942 0030 FFF7FEFF 	 bl dps310_flush_FIFO
 943              	.L107:
 944 0034 354B     	 ldr r3,.L115+4
 945 0036 7720     	 movs r0,#119
 946 0038 197B     	 ldrb r1,[r3,#12]
 947 003a 0122     	 movs r2,#1
 948 003c FFF7FEFF 	 bl i2c_read_byte
 949 0040 84B2     	 uxth r4,r0
 950 0042 A306     	 lsls r3,r4,#26
 951 0044 28D5     	 bpl .L108
 952 0046 324B     	 ldr r3,.L115+8
 953 0048 0122     	 movs r2,#1
 954 004a 9978     	 ldrb r1,[r3,#2]
 955 004c DB78     	 ldrb r3,[r3,#3]
 956 004e 0092     	 str r2,[sp]
 957 0050 7720     	 movs r0,#119
 958 0052 03AA     	 add r2,sp,#12
 959 0054 FFF7FEFF 	 bl i2c_read_block
 960 0058 9DF80D30 	 ldrb r3,[sp,#13]
 961 005c 9DF80C20 	 ldrb r2,[sp,#12]
 962 0060 1B02     	 lsls r3,r3,#8
 963 0062 43EA0243 	 orr r3,r3,r2,lsl#16
 964 0066 9DF80E20 	 ldrb r2,[sp,#14]
 965 006a 12A8     	 add r0,sp,#72
 966 006c 1343     	 orrs r3,r3,r2
 967 006e 40F8383D 	 str r3,[r0,#-56]!
 968 0072 1821     	 movs r1,#24
 969 0074 FFF7FEFF 	 bl get_twos_complement
 970 0078 0498     	 ldr r0,[sp,#16]
 971 007a FFF7FEFF 	 bl calc_temp
 972 007e A860     	 str r0,[r5,#8]
 973 0080 FFF7FEFF 	 bl __aeabi_f2d
 974 0084 0246     	 mov r2,r0
 975 0086 0B46     	 mov r3,r1
 976 0088 05A8     	 add r0,sp,#20
 977 008a 2249     	 ldr r1,.L115+12
 978 008c FFF7FEFF 	 bl sprintf
 979 0090 05A8     	 add r0,sp,#20
 980 0092 3221     	 movs r1,#50
 981 0094 FFF7FEFF 	 bl UART_Transmit
 982              	.L108:
 983 0098 04F01000 	 and r0,r4,#16
 984 009c 80B2     	 uxth r0,r0
 985 009e 78B3     	 cbz r0,.L106
 986 00a0 1B4B     	 ldr r3,.L115+8
 987 00a2 0122     	 movs r2,#1
 988 00a4 1978     	 ldrb r1,[r3]
 989 00a6 5B78     	 ldrb r3,[r3,#1]
 990 00a8 0092     	 str r2,[sp]
 991 00aa 7720     	 movs r0,#119
 992 00ac 03AA     	 add r2,sp,#12
 993 00ae FFF7FEFF 	 bl i2c_read_block
 994 00b2 9DF80D30 	 ldrb r3,[sp,#13]
 995 00b6 9DF80C20 	 ldrb r2,[sp,#12]
 996 00ba 1B02     	 lsls r3,r3,#8
 997 00bc 43EA0243 	 orr r3,r3,r2,lsl#16
 998 00c0 9DF80E20 	 ldrb r2,[sp,#14]
 999 00c4 12A8     	 add r0,sp,#72
 1000 00c6 1343     	 orrs r3,r3,r2
 1001 00c8 40F8383D 	 str r3,[r0,#-56]!
 1002 00cc 1821     	 movs r1,#24
 1003 00ce FFF7FEFF 	 bl get_twos_complement
 1004 00d2 0498     	 ldr r0,[sp,#16]
 1005 00d4 FFF7FEFF 	 bl calc_preassure
 1006 00d8 E860     	 str r0,[r5,#12]
 1007 00da FFF7FEFF 	 bl __aeabi_f2d
 1008 00de 0246     	 mov r2,r0
 1009 00e0 0B46     	 mov r3,r1
 1010 00e2 05A8     	 add r0,sp,#20
 1011 00e4 0C49     	 ldr r1,.L115+16
 1012 00e6 FFF7FEFF 	 bl sprintf
 1013 00ea 05A8     	 add r0,sp,#20
 1014 00ec 3221     	 movs r1,#50
 1015 00ee FFF7FEFF 	 bl UART_Transmit
 1016 00f2 0020     	 movs r0,#0
 1017 00f4 04E0     	 b .L106
 1018              	.L109:
 1019 00f6 4FF6FE70 	 movw r0,#65534
 1020 00fa 01E0     	 b .L106
 1021              	.L110:
 1022 00fc 4FF6FD70 	 movw r0,#65533
 1023              	.L106:
 1024 0100 00B2     	 sxth r0,r0
 1025 0102 13B0     	 add sp,sp,#76
 1026              	 
 1027 0104 30BD     	 pop {r4,r5,pc}
 1028              	.L116:
 1029 0106 00BF     	 .align 2
 1030              	.L115:
 1031 0108 00000000 	 .word .LANCHOR1
 1032 010c 00000000 	 .word config_registers
 1033 0110 00000000 	 .word registerBlocks
 1034 0114 00000000 	 .word .LC2
 1035 0118 13000000 	 .word .LC3
 1037              	 .section .text.dps310_set_operation_mode,"ax",%progbits
 1038              	 .align 1
 1039              	 .global dps310_set_operation_mode
 1040              	 .thumb
 1041              	 .thumb_func
 1043              	dps310_set_operation_mode:
 1044              	 
 1045              	 
 1046 0000 10B5     	 push {r4,lr}
 1047 0002 094A     	 ldr r2,.L122
 1048 0004 517B     	 ldrb r1,[r2,#13]
 1049 0006 137B     	 ldrb r3,[r2,#12]
 1050 0008 43EA0123 	 orr r3,r3,r1,lsl#8
 1051 000c 917B     	 ldrb r1,[r2,#14]
 1052 000e 0022     	 movs r2,#0
 1053 0010 43EA0141 	 orr r1,r3,r1,lsl#16
 1054 0014 0446     	 mov r4,r0
 1055 0016 FFF7FEFF 	 bl dps310_write_byte_bitfield
 1056 001a 431C     	 adds r3,r0,#1
 1057 001c 1EBF     	 ittt ne
 1058 001e 034B     	 ldrne r3,.L122+4
 1059 0020 0020     	 movne r0,#0
 1060 0022 5C70     	 strbne r4,[r3,#1]
 1061 0024 00B2     	 sxth r0,r0
 1062 0026 10BD     	 pop {r4,pc}
 1063              	.L123:
 1064              	 .align 2
 1065              	.L122:
 1066 0028 00000000 	 .word config_registers
 1067 002c 00000000 	 .word .LANCHOR1
 1069              	 .section .text.dps310_start_meas_temp_once,"ax",%progbits
 1070              	 .align 1
 1071              	 .global dps310_start_meas_temp_once
 1072              	 .thumb
 1073              	 .thumb_func
 1075              	dps310_start_meas_temp_once:
 1076              	 
 1077              	 
 1078 0000 08B5     	 push {r3,lr}
 1079 0002 0E4B     	 ldr r3,.L133
 1080 0004 1A78     	 ldrb r2,[r3]
 1081 0006 0146     	 mov r1,r0
 1082 0008 8AB1     	 cbz r2,.L128
 1083 000a 93F90100 	 ldrsb r0,[r3,#1]
 1084 000e 88B9     	 cbnz r0,.L129
 1085 0010 1B79     	 ldrb r3,[r3,#4]
 1086 0012 8B42     	 cmp r3,r1
 1087 0014 04D1     	 bne .L126
 1088              	.L127:
 1089 0016 0220     	 movs r0,#2
 1090 0018 BDE80840 	 pop {r3,lr}
 1091 001c FFF7FEBF 	 b dps310_set_operation_mode
 1092              	.L126:
 1093 0020 FFF7FEFF 	 bl dps310_configure_temp_meas
 1094 0024 0028     	 cmp r0,#0
 1095 0026 F6D0     	 beq .L127
 1096 0028 4FF6FF70 	 movw r0,#65535
 1097 002c 04E0     	 b .L125
 1098              	.L128:
 1099 002e 4FF6FE70 	 movw r0,#65534
 1100 0032 01E0     	 b .L125
 1101              	.L129:
 1102 0034 4FF6FD70 	 movw r0,#65533
 1103              	.L125:
 1104 0038 00B2     	 sxth r0,r0
 1105 003a 08BD     	 pop {r3,pc}
 1106              	.L134:
 1107              	 .align 2
 1108              	.L133:
 1109 003c 00000000 	 .word .LANCHOR1
 1111              	 .section .text.dps310_start_meas_pres_once,"ax",%progbits
 1112              	 .align 1
 1113              	 .global dps310_start_meas_pres_once
 1114              	 .thumb
 1115              	 .thumb_func
 1117              	dps310_start_meas_pres_once:
 1118              	 
 1119              	 
 1120 0000 08B5     	 push {r3,lr}
 1121 0002 0E4B     	 ldr r3,.L144
 1122 0004 1A78     	 ldrb r2,[r3]
 1123 0006 0146     	 mov r1,r0
 1124 0008 8AB1     	 cbz r2,.L139
 1125 000a 93F90100 	 ldrsb r0,[r3,#1]
 1126 000e 88B9     	 cbnz r0,.L140
 1127 0010 9B79     	 ldrb r3,[r3,#6]
 1128 0012 8B42     	 cmp r3,r1
 1129 0014 04D1     	 bne .L137
 1130              	.L138:
 1131 0016 0120     	 movs r0,#1
 1132 0018 BDE80840 	 pop {r3,lr}
 1133 001c FFF7FEBF 	 b dps310_set_operation_mode
 1134              	.L137:
 1135 0020 FFF7FEFF 	 bl dps310_configure_pressure_meas
 1136 0024 0028     	 cmp r0,#0
 1137 0026 F6D0     	 beq .L138
 1138 0028 4FF6FF70 	 movw r0,#65535
 1139 002c 04E0     	 b .L136
 1140              	.L139:
 1141 002e 4FF6FE70 	 movw r0,#65534
 1142 0032 01E0     	 b .L136
 1143              	.L140:
 1144 0034 4FF6FD70 	 movw r0,#65533
 1145              	.L136:
 1146 0038 00B2     	 sxth r0,r0
 1147 003a 08BD     	 pop {r3,pc}
 1148              	.L145:
 1149              	 .align 2
 1150              	.L144:
 1151 003c 00000000 	 .word .LANCHOR1
 1153              	 .section .text.dps310_start_measure_both_cont,"ax",%progbits
 1154              	 .align 1
 1155              	 .global dps310_start_measure_both_cont
 1156              	 .thumb
 1157              	 .thumb_func
 1159              	dps310_start_measure_both_cont:
 1160              	 
 1161              	 
 1162 0000 F7B5     	 push {r0,r1,r2,r4,r5,r6,r7,lr}
 1163 0002 1C46     	 mov r4,r3
 1164 0004 2D4B     	 ldr r3,.L157
 1165 0006 1546     	 mov r5,r2
 1166 0008 1A78     	 ldrb r2,[r3]
 1167 000a 8646     	 mov lr,r0
 1168 000c 0E46     	 mov r6,r1
 1169 000e 002A     	 cmp r2,#0
 1170 0010 49D0     	 beq .L154
 1171 0012 93F90130 	 ldrsb r3,[r3,#1]
 1172 0016 002B     	 cmp r3,#0
 1173 0018 48D1     	 bne .L155
 1174 001a 0B18     	 adds r3,r1,r0
 1175 001c 1027     	 movs r7,#16
 1176 001e 07FA03FC 	 lsl ip,r7,r3
 1177 0022 04EB050E 	 add lr,r4,r5
 1178 0026 1423     	 movs r3,#20
 1179 0028 03FA00F2 	 lsl r2,r3,r0
 1180 002c 07FA0EF7 	 lsl r7,r7,lr
 1181 0030 AB40     	 lsls r3,r3,r5
 1182 0032 3B44     	 add r3,r3,r7
 1183 0034 6244     	 add r2,r2,ip
 1184 0036 9BB2     	 uxth r3,r3
 1185 0038 13FA82F3 	 uxtah r3,r3,r2
 1186 003c 42F2AB62 	 movw r2,#9899
 1187 0040 9342     	 cmp r3,r2
 1188 0042 36DC     	 bgt .L156
 1189 0044 FFF7FEFF 	 bl dps310_configure_temp_meas
 1190 0048 0246     	 mov r2,r0
 1191 004a 10B1     	 cbz r0,.L148
 1192              	.L151:
 1193 004c 4FF6FF70 	 movw r0,#65535
 1194 0050 31E0     	 b .L147
 1195              	.L148:
 1196 0052 1B4B     	 ldr r3,.L157+4
 1197 0054 1988     	 ldrh r1,[r3]
 1198 0056 9B78     	 ldrb r3,[r3,#2]
 1199 0058 8DF80630 	 strb r3,[sp,#6]
 1200 005c 032E     	 cmp r6,#3
 1201 005e ADF80410 	 strh r1,[sp,#4]
 1202 0062 88BF     	 it hi
 1203 0064 0120     	 movhi r0,#1
 1204 0066 0199     	 ldr r1,[sp,#4]
 1205 0068 FFF7FEFF 	 bl dps310_write_byte_bitfield
 1206 006c 2846     	 mov r0,r5
 1207 006e 2146     	 mov r1,r4
 1208 0070 FFF7FEFF 	 bl dps310_configure_pressure_meas
 1209 0074 0246     	 mov r2,r0
 1210 0076 0028     	 cmp r0,#0
 1211 0078 E8D1     	 bne .L151
 1212 007a 124B     	 ldr r3,.L157+8
 1213 007c 1988     	 ldrh r1,[r3]
 1214 007e 9B78     	 ldrb r3,[r3,#2]
 1215 0080 8DF80630 	 strb r3,[sp,#6]
 1216 0084 032C     	 cmp r4,#3
 1217 0086 ADF80410 	 strh r1,[sp,#4]
 1218 008a 88BF     	 it hi
 1219 008c 0120     	 movhi r0,#1
 1220 008e 0199     	 ldr r1,[sp,#4]
 1221 0090 FFF7FEFF 	 bl dps310_write_byte_bitfield
 1222 0094 0720     	 movs r0,#7
 1223 0096 FFF7FEFF 	 bl dps310_set_operation_mode
 1224 009a 0030     	 adds r0,r0,#0
 1225 009c 18BF     	 it ne
 1226 009e 0120     	 movne r0,#1
 1227 00a0 4042     	 negs r0,r0
 1228 00a2 80B2     	 uxth r0,r0
 1229 00a4 07E0     	 b .L147
 1230              	.L154:
 1231 00a6 4FF6FE70 	 movw r0,#65534
 1232 00aa 04E0     	 b .L147
 1233              	.L155:
 1234 00ac 4FF6FD70 	 movw r0,#65533
 1235 00b0 01E0     	 b .L147
 1236              	.L156:
 1237 00b2 4FF6FC70 	 movw r0,#65532
 1238              	.L147:
 1239 00b6 00B2     	 sxth r0,r0
 1240 00b8 03B0     	 add sp,sp,#12
 1241              	 
 1242 00ba F0BD     	 pop {r4,r5,r6,r7,pc}
 1243              	.L158:
 1244              	 .align 2
 1245              	.L157:
 1246 00bc 00000000 	 .word .LANCHOR1
 1247 00c0 00000000 	 .word .LANCHOR4
 1248 00c4 03000000 	 .word .LANCHOR4+3
 1250              	 .section .text.dps310_set_standby_mode,"ax",%progbits
 1251              	 .align 1
 1252              	 .global dps310_set_standby_mode
 1253              	 .thumb
 1254              	 .thumb_func
 1256              	dps310_set_standby_mode:
 1257              	 
 1258              	 
 1259              	 
 1260 0000 044B     	 ldr r3,.L161
 1261 0002 1B78     	 ldrb r3,[r3]
 1262 0004 13B1     	 cbz r3,.L160
 1263 0006 0020     	 movs r0,#0
 1264 0008 FFF7FEBF 	 b dps310_set_operation_mode
 1265              	.L160:
 1266 000c 4FF0FF30 	 mov r0,#-1
 1267 0010 7047     	 bx lr
 1268              	.L162:
 1269 0012 00BF     	 .align 2
 1270              	.L161:
 1271 0014 00000000 	 .word .LANCHOR1
 1273              	 .section .text.dps310_measure_temp_once,"ax",%progbits
 1274              	 .align 1
 1275              	 .global dps310_measure_temp_once
 1276              	 .thumb
 1277              	 .thumb_func
 1279              	dps310_measure_temp_once:
 1280              	 
 1281              	 
 1282 0000 38B5     	 push {r3,r4,r5,lr}
 1283 0002 0546     	 mov r5,r0
 1284 0004 0846     	 mov r0,r1
 1285 0006 FFF7FEFF 	 bl dps310_start_meas_temp_once
 1286 000a A8B9     	 cbnz r0,.L164
 1287 000c 0B4B     	 ldr r3,.L167
 1288 000e 1B79     	 ldrb r3,[r3,#4]
 1289 0010 1020     	 movs r0,#16
 1290 0012 9840     	 lsls r0,r0,r3
 1291 0014 1430     	 adds r0,r0,#20
 1292 0016 0A24     	 movs r4,#10
 1293 0018 80B2     	 uxth r0,r0
 1294 001a B0FBF4F0 	 udiv r0,r0,r4
 1295 001e FFF7FEFF 	 bl XMC_USBH_osDelay
 1296 0022 2046     	 mov r0,r4
 1297 0024 FFF7FEFF 	 bl XMC_USBH_osDelay
 1298 0028 2846     	 mov r0,r5
 1299 002a FFF7FEFF 	 bl dps310_get_single_result
 1300 002e 0446     	 mov r4,r0
 1301 0030 08B1     	 cbz r0,.L166
 1302 0032 FFF7FEFF 	 bl dps310_set_standby_mode
 1303              	.L166:
 1304 0036 2046     	 mov r0,r4
 1305              	.L164:
 1306 0038 00B2     	 sxth r0,r0
 1307 003a 38BD     	 pop {r3,r4,r5,pc}
 1308              	.L168:
 1309              	 .align 2
 1310              	.L167:
 1311 003c 00000000 	 .word .LANCHOR1
 1313              	 .section .text.dps310_correct_temperature,"ax",%progbits
 1314              	 .align 1
 1315              	 .global dps310_correct_temperature
 1316              	 .thumb
 1317              	 .thumb_func
 1319              	dps310_correct_temperature:
 1320              	 
 1321              	 
 1322 0000 13B5     	 push {r0,r1,r4,lr}
 1323 0002 164C     	 ldr r4,.L172
 1324 0004 2378     	 ldrb r3,[r4]
 1325 0006 1BB3     	 cbz r3,.L171
 1326 0008 0022     	 movs r2,#0
 1327 000a 1346     	 mov r3,r2
 1328 000c A521     	 movs r1,#165
 1329 000e 0E20     	 movs r0,#14
 1330 0010 FFF7FEFF 	 bl dps310_write_byte
 1331 0014 0022     	 movs r2,#0
 1332 0016 1346     	 mov r3,r2
 1333 0018 9621     	 movs r1,#150
 1334 001a 0F20     	 movs r0,#15
 1335 001c FFF7FEFF 	 bl dps310_write_byte
 1336 0020 0022     	 movs r2,#0
 1337 0022 1346     	 mov r3,r2
 1338 0024 0221     	 movs r1,#2
 1339 0026 6220     	 movs r0,#98
 1340 0028 FFF7FEFF 	 bl dps310_write_byte
 1341 002c 0021     	 movs r1,#0
 1342 002e 0A46     	 mov r2,r1
 1343 0030 0B46     	 mov r3,r1
 1344 0032 0E20     	 movs r0,#14
 1345 0034 FFF7FEFF 	 bl dps310_write_byte
 1346 0038 0021     	 movs r1,#0
 1347 003a 0A46     	 mov r2,r1
 1348 003c 0B46     	 mov r3,r1
 1349 003e 0F20     	 movs r0,#15
 1350 0040 FFF7FEFF 	 bl dps310_write_byte
 1351 0044 01A8     	 add r0,sp,#4
 1352 0046 2179     	 ldrb r1,[r4,#4]
 1353 0048 FFF7FEFF 	 bl dps310_measure_temp_once
 1354 004c 0020     	 movs r0,#0
 1355 004e 01E0     	 b .L170
 1356              	.L171:
 1357 0050 4FF6FE70 	 movw r0,#65534
 1358              	.L170:
 1359 0054 00B2     	 sxth r0,r0
 1360 0056 02B0     	 add sp,sp,#8
 1361              	 
 1362 0058 10BD     	 pop {r4,pc}
 1363              	.L173:
 1364 005a 00BF     	 .align 2
 1365              	.L172:
 1366 005c 00000000 	 .word .LANCHOR1
 1368              	 .section .text.dps310_init,"ax",%progbits
 1369              	 .align 1
 1370              	 .global dps310_init
 1371              	 .thumb
 1372              	 .thumb_func
 1374              	dps310_init:
 1375              	 
 1376              	 
 1377 0000 10B5     	 push {r4,lr}
 1378 0002 6420     	 movs r0,#100
 1379 0004 FFF7FEFF 	 bl XMC_USBH_osDelay
 1380 0008 FFF7FEFF 	 bl dps310_get_product_id
 1381 000c 0028     	 cmp r0,#0
 1382 000e 05DA     	 bge .L175
 1383              	.L178:
 1384 0010 214B     	 ldr r3,.L181
 1385 0012 0022     	 movs r2,#0
 1386 0014 1A70     	 strb r2,[r3]
 1387 0016 4FF6FE70 	 movw r0,#65534
 1388 001a 3AE0     	 b .L176
 1389              	.L175:
 1390 001c 0022     	 movs r2,#0
 1391 001e 0C20     	 movs r0,#12
 1392 0020 0921     	 movs r1,#9
 1393 0022 1346     	 mov r3,r2
 1394 0024 FFF7FEFF 	 bl dps310_write_byte
 1395              	.L177:
 1396 0028 C820     	 movs r0,#200
 1397 002a FFF7FEFF 	 bl XMC_USBH_osDelay
 1398 002e 7720     	 movs r0,#119
 1399 0030 0821     	 movs r1,#8
 1400 0032 0022     	 movs r2,#0
 1401 0034 FFF7FEFF 	 bl i2c_read_byte
 1402 0038 10F0C00F 	 tst r0,#192
 1403 003c F4D0     	 beq .L177
 1404 003e FFF7FEFF 	 bl dps310_get_revision_id
 1405 0042 0028     	 cmp r0,#0
 1406 0044 E4DB     	 blt .L178
 1407 0046 FFF7FEFF 	 bl dps310_get_calibrated_temp_sensor
 1408 004a 0028     	 cmp r0,#0
 1409 004c E0DB     	 blt .L178
 1410 004e 134A     	 ldr r2,.L181+4
 1411 0050 D179     	 ldrb r1,[r2,#7]
 1412 0052 9379     	 ldrb r3,[r2,#6]
 1413 0054 43EA0123 	 orr r3,r3,r1,lsl#8
 1414 0058 117A     	 ldrb r1,[r2,#8]
 1415 005a C0B2     	 uxtb r0,r0
 1416 005c 43EA0141 	 orr r1,r3,r1,lsl#16
 1417 0060 0022     	 movs r2,#0
 1418 0062 FFF7FEFF 	 bl dps310_write_byte_bitfield
 1419 0066 0028     	 cmp r0,#0
 1420 0068 D2DB     	 blt .L178
 1421 006a FFF7FEFF 	 bl dps310_get_temp_sensor_coeff
 1422 006e 0028     	 cmp r0,#0
 1423 0070 CEDB     	 blt .L178
 1424 0072 094C     	 ldr r4,.L181
 1425 0074 0123     	 movs r3,#1
 1426 0076 2370     	 strb r3,[r4]
 1427 0078 FFF7FEFF 	 bl dps310_set_standby_mode
 1428 007c FFF7FEFF 	 bl dps310_correct_temperature
 1429 0080 E078     	 ldrb r0,[r4,#3]
 1430 0082 2179     	 ldrb r1,[r4,#4]
 1431 0084 6279     	 ldrb r2,[r4,#5]
 1432 0086 A379     	 ldrb r3,[r4,#6]
 1433 0088 FFF7FEFF 	 bl dps310_start_measure_both_cont
 1434 008c 0028     	 cmp r0,#0
 1435 008e BFDB     	 blt .L178
 1436 0090 0020     	 movs r0,#0
 1437              	.L176:
 1438 0092 00B2     	 sxth r0,r0
 1439 0094 10BD     	 pop {r4,pc}
 1440              	.L182:
 1441 0096 00BF     	 .align 2
 1442              	.L181:
 1443 0098 00000000 	 .word .LANCHOR1
 1444 009c 00000000 	 .word registers
 1446              	 .section .text.dps310_measure_pres_once,"ax",%progbits
 1447              	 .align 1
 1448              	 .global dps310_measure_pres_once
 1449              	 .thumb
 1450              	 .thumb_func
 1452              	dps310_measure_pres_once:
 1453              	 
 1454              	 
 1455 0000 38B5     	 push {r3,r4,r5,lr}
 1456 0002 0546     	 mov r5,r0
 1457 0004 0846     	 mov r0,r1
 1458 0006 FFF7FEFF 	 bl dps310_start_meas_pres_once
 1459 000a A8B9     	 cbnz r0,.L184
 1460 000c 0B4B     	 ldr r3,.L187
 1461 000e 1B79     	 ldrb r3,[r3,#4]
 1462 0010 1020     	 movs r0,#16
 1463 0012 9840     	 lsls r0,r0,r3
 1464 0014 1430     	 adds r0,r0,#20
 1465 0016 0A24     	 movs r4,#10
 1466 0018 80B2     	 uxth r0,r0
 1467 001a B0FBF4F0 	 udiv r0,r0,r4
 1468 001e FFF7FEFF 	 bl XMC_USBH_osDelay
 1469 0022 2046     	 mov r0,r4
 1470 0024 FFF7FEFF 	 bl XMC_USBH_osDelay
 1471 0028 2846     	 mov r0,r5
 1472 002a FFF7FEFF 	 bl dps310_get_single_result
 1473 002e 0446     	 mov r4,r0
 1474 0030 08B1     	 cbz r0,.L186
 1475 0032 FFF7FEFF 	 bl dps310_set_standby_mode
 1476              	.L186:
 1477 0036 2046     	 mov r0,r4
 1478              	.L184:
 1479 0038 00B2     	 sxth r0,r0
 1480 003a 38BD     	 pop {r3,r4,r5,pc}
 1481              	.L188:
 1482              	 .align 2
 1483              	.L187:
 1484 003c 00000000 	 .word .LANCHOR1
 1486              	 .global coeff_block
 1487              	 .global dps310_coeff
 1488              	 .global dps310_status
 1489              	 .global scaling_facts
 1490              	 .section .rodata
 1491              	 .set .LANCHOR4,.+0
 1492              	.LC0:
 1493 0000 09       	 .byte 9
 1494 0001 08       	 .byte 8
 1495 0002 03       	 .byte 3
 1496              	.LC1:
 1497 0003 09       	 .byte 9
 1498 0004 04       	 .byte 4
 1499 0005 02       	 .byte 2
 1500              	 .section .data.dps310_status,"aw",%progbits
 1501              	 .align 2
 1502              	 .set .LANCHOR1,.+0
 1505              	dps310_status:
 1506 0000 00       	 .byte 0
 1507 0001 00       	 .byte 0
 1508 0002 00       	 .byte 0
 1509 0003 01       	 .byte 1
 1510 0004 00       	 .byte 0
 1511 0005 01       	 .byte 1
 1512 0006 04       	 .byte 4
 1513 0007 00       	 .space 1
 1514 0008 00000000 	 .word 0
 1515 000c 00000000 	 .word 0
 1516              	 .section .rodata.str1.1,"aMS",%progbits,1
 1517              	.LC2:
 1518 0000 54656D70 	 .ascii "Temperature: %f \015\012\000"
 1518      65726174 
 1518      7572653A 
 1518      20256620 
 1518      0D0A00
 1519              	.LC3:
 1520 0013 50726573 	 .ascii "Pressure: %f \015\012\000"
 1520      73757265 
 1520      3A202566 
 1520      200D0A00 
 1521              	 .section .rodata.scaling_facts,"a",%progbits
 1522              	 .align 2
 1523              	 .set .LANCHOR0,.+0
 1526              	scaling_facts:
 1527 0000 00000800 	 .word 524288
 1528 0004 00001800 	 .word 1572864
 1529 0008 00003800 	 .word 3670016
 1530 000c 00007800 	 .word 7864320
 1531 0010 00E00300 	 .word 253952
 1532 0014 00E00700 	 .word 516096
 1533 0018 00E00F00 	 .word 1040384
 1534 001c 00E01F00 	 .word 2088960
 1535              	 .section .data.coeff_block,"aw",%progbits
 1536              	 .set .LANCHOR3,.+0
 1539              	coeff_block:
 1540 0000 10       	 .byte 16
 1541 0001 12       	 .byte 18
 1542              	 .section .bss.dps310_coeff,"aw",%nobits
 1543              	 .align 2
 1544              	 .set .LANCHOR2,.+0
 1547              	dps310_coeff:
 1548 0000 00000000 	 .space 40
 1548      00000000 
 1548      00000000 
 1548      00000000 
 1548      00000000 
 1549              	 .ident "GCC: (GNU Tools for ARM Embedded Processors) 4.9.3 20141119 (release) [ARM/embedded-4_9-branch revision 218278]"
DEFINED SYMBOLS
                            *ABS*:00000000 dps310_ctrl.c
    {standard input}:17     .text.dps310_read_byte_bitfield:00000000 $t
    {standard input}:22     .text.dps310_read_byte_bitfield:00000000 dps310_read_byte_bitfield
    {standard input}:45     .text.dps310_write_byte_bitfield:00000000 $t
    {standard input}:50     .text.dps310_write_byte_bitfield:00000000 dps310_write_byte_bitfield
    {standard input}:93     .text.dps310_write_byte:00000000 $t
    {standard input}:98     .text.dps310_write_byte:00000000 dps310_write_byte
    {standard input}:136    .text.dps310_read_register_block:00000000 $t
    {standard input}:141    .text.dps310_read_register_block:00000000 dps310_read_register_block
    {standard input}:168    .text.get_twos_complement:00000000 $t
    {standard input}:173    .text.get_twos_complement:00000000 get_twos_complement
    {standard input}:189    .text.calc_busy_time:00000000 $t
    {standard input}:194    .text.calc_busy_time:00000000 calc_busy_time
    {standard input}:208    .text.calc_temp:00000000 $t
    {standard input}:213    .text.calc_temp:00000000 calc_temp
    {standard input}:238    .text.calc_temp:00000040 $d
    {standard input}:243    .text.calc_preassure:00000000 $t
    {standard input}:248    .text.calc_preassure:00000000 calc_preassure
    {standard input}:289    .text.calc_preassure:00000080 $d
    {standard input}:294    .text.dps310_deinit:00000000 $t
    {standard input}:299    .text.dps310_deinit:00000000 dps310_deinit
    {standard input}:326    .text.dps310_deinit:0000002c $d
    {standard input}:329    .text.dps310_get_product_id:00000000 $t
    {standard input}:334    .text.dps310_get_product_id:00000000 dps310_get_product_id
    {standard input}:355    .text.dps310_get_product_id:00000028 $d
    {standard input}:358    .text.dps310_get_revision_id:00000000 $t
    {standard input}:363    .text.dps310_get_revision_id:00000000 dps310_get_revision_id
    {standard input}:384    .text.dps310_get_revision_id:00000028 $d
    {standard input}:387    .text.dps310_get_calibrated_temp_sensor:00000000 $t
    {standard input}:392    .text.dps310_get_calibrated_temp_sensor:00000000 dps310_get_calibrated_temp_sensor
    {standard input}:413    .text.dps310_get_calibrated_temp_sensor:00000028 $d
    {standard input}:416    .text.dps310_get_temp_sensor_coeff:00000000 $t
    {standard input}:421    .text.dps310_get_temp_sensor_coeff:00000000 dps310_get_temp_sensor_coeff
    {standard input}:526    .text.dps310_get_temp_sensor_coeff:0000012c $d
    {standard input}:530    .text.dps310_configure_temp_meas:00000000 $t
    {standard input}:535    .text.dps310_configure_temp_meas:00000000 dps310_configure_temp_meas
    {standard input}:574    .text.dps310_configure_temp_meas:00000054 $d
    {standard input}:578    .text.dps310_configure_pressure_meas:00000000 $t
    {standard input}:583    .text.dps310_configure_pressure_meas:00000000 dps310_configure_pressure_meas
    {standard input}:624    .text.dps310_configure_pressure_meas:00000054 $d
    {standard input}:628    .text.dps310_enable_FIFO:00000000 $t
    {standard input}:633    .text.dps310_enable_FIFO:00000000 dps310_enable_FIFO
    {standard input}:649    .text.dps310_enable_FIFO:00000018 $d
    {standard input}:652    .text.dps310_flush_FIFO:00000000 $t
    {standard input}:657    .text.dps310_flush_FIFO:00000000 dps310_flush_FIFO
    {standard input}:673    .text.dps310_flush_FIFO:00000018 $d
    {standard input}:676    .text.dps310_disable_FIFO:00000000 $t
    {standard input}:681    .text.dps310_disable_FIFO:00000000 dps310_disable_FIFO
    {standard input}:699    .text.dps310_disable_FIFO:00000024 $d
    {standard input}:702    .text.dps310_read_FIFO_state:00000000 $t
    {standard input}:707    .text.dps310_read_FIFO_state:00000000 dps310_read_FIFO_state
    {standard input}:722    .text.dps310_read_FIFO_state:00000018 $d
    {standard input}:725    .text.get_FIFO_value:00000000 $t
    {standard input}:730    .text.get_FIFO_value:00000000 get_FIFO_value
    {standard input}:771    .text.get_FIFO_value:00000058 $d
    {standard input}:774    .text.dps310_get_raw_result:00000000 $t
    {standard input}:779    .text.dps310_get_raw_result:00000000 dps310_get_raw_result
    {standard input}:816    .text.dps310_get_single_result:00000000 $t
    {standard input}:821    .text.dps310_get_single_result:00000000 dps310_get_single_result
    {standard input}:908    .text.dps310_get_single_result:000000ac $d
    {standard input}:914    .text.dps310_get_cont_results:00000000 $t
    {standard input}:919    .text.dps310_get_cont_results:00000000 dps310_get_cont_results
    {standard input}:1031   .text.dps310_get_cont_results:00000108 $d
    {standard input}:1038   .text.dps310_set_operation_mode:00000000 $t
    {standard input}:1043   .text.dps310_set_operation_mode:00000000 dps310_set_operation_mode
    {standard input}:1066   .text.dps310_set_operation_mode:00000028 $d
    {standard input}:1070   .text.dps310_start_meas_temp_once:00000000 $t
    {standard input}:1075   .text.dps310_start_meas_temp_once:00000000 dps310_start_meas_temp_once
    {standard input}:1109   .text.dps310_start_meas_temp_once:0000003c $d
    {standard input}:1112   .text.dps310_start_meas_pres_once:00000000 $t
    {standard input}:1117   .text.dps310_start_meas_pres_once:00000000 dps310_start_meas_pres_once
    {standard input}:1151   .text.dps310_start_meas_pres_once:0000003c $d
    {standard input}:1154   .text.dps310_start_measure_both_cont:00000000 $t
    {standard input}:1159   .text.dps310_start_measure_both_cont:00000000 dps310_start_measure_both_cont
    {standard input}:1246   .text.dps310_start_measure_both_cont:000000bc $d
    {standard input}:1251   .text.dps310_set_standby_mode:00000000 $t
    {standard input}:1256   .text.dps310_set_standby_mode:00000000 dps310_set_standby_mode
    {standard input}:1271   .text.dps310_set_standby_mode:00000014 $d
    {standard input}:1274   .text.dps310_measure_temp_once:00000000 $t
    {standard input}:1279   .text.dps310_measure_temp_once:00000000 dps310_measure_temp_once
    {standard input}:1311   .text.dps310_measure_temp_once:0000003c $d
    {standard input}:1314   .text.dps310_correct_temperature:00000000 $t
    {standard input}:1319   .text.dps310_correct_temperature:00000000 dps310_correct_temperature
    {standard input}:1366   .text.dps310_correct_temperature:0000005c $d
    {standard input}:1369   .text.dps310_init:00000000 $t
    {standard input}:1374   .text.dps310_init:00000000 dps310_init
    {standard input}:1443   .text.dps310_init:00000098 $d
    {standard input}:1447   .text.dps310_measure_pres_once:00000000 $t
    {standard input}:1452   .text.dps310_measure_pres_once:00000000 dps310_measure_pres_once
    {standard input}:1484   .text.dps310_measure_pres_once:0000003c $d
    {standard input}:1539   .data.coeff_block:00000000 coeff_block
    {standard input}:1547   .bss.dps310_coeff:00000000 dps310_coeff
    {standard input}:1505   .data.dps310_status:00000000 dps310_status
    {standard input}:1526   .rodata.scaling_facts:00000000 scaling_facts
    {standard input}:1501   .data.dps310_status:00000000 $d
    {standard input}:1522   .rodata.scaling_facts:00000000 $d
    {standard input}:1543   .bss.dps310_coeff:00000000 $d

UNDEFINED SYMBOLS
i2c_read_byte
i2c_transmit_data
i2c_read_block
registers
memset
config_registers
registerBlocks
__aeabi_f2d
sprintf
UART_Transmit
XMC_USBH_osDelay
