   1              	 .syntax unified
   2              	 .cpu cortex-m4
   3              	 .eabi_attribute 27,3
   4              	 .fpu fpv4-sp-d16
   5              	 .eabi_attribute 20,1
   6              	 .eabi_attribute 21,1
   7              	 .eabi_attribute 23,3
   8              	 .eabi_attribute 24,1
   9              	 .eabi_attribute 25,1
  10              	 .eabi_attribute 26,1
  11              	 .eabi_attribute 30,4
  12              	 .eabi_attribute 34,1
  13              	 .eabi_attribute 18,4
  14              	 .thumb
  15              	 .file "Events.c"
  16              	 .section .text.USB_Event_Stub,"ax",%progbits
  17              	 .align 1
  18              	 .global USB_Event_Stub
  19              	 .thumb
  20              	 .thumb_func
  22              	USB_Event_Stub:
  23              	 
  24              	 
  25              	 
  26 0000 7047     	 bx lr
  28              	 .weak EVENT_USB_Host_HostError
  29              	 .thumb_set EVENT_USB_Host_HostError,USB_Event_Stub
  30              	 .weak EVENT_USB_Host_DeviceAttached
  31              	 .thumb_set EVENT_USB_Host_DeviceAttached,USB_Event_Stub
  32              	 .weak EVENT_USB_Host_DeviceUnattached
  33              	 .thumb_set EVENT_USB_Host_DeviceUnattached,USB_Event_Stub
  34              	 .weak EVENT_USB_Host_DeviceEnumerationComplete
  35              	 .thumb_set EVENT_USB_Host_DeviceEnumerationComplete,USB_Event_Stub
  36              	 .weak EVENT_USB_Host_DeviceEnumerationFailed
  37              	 .thumb_set EVENT_USB_Host_DeviceEnumerationFailed,USB_Event_Stub
  38              	 .weak EVENT_USB_Host_StartOfFrame
  39              	 .thumb_set EVENT_USB_Host_StartOfFrame,USB_Event_Stub
  40              	 .ident "GCC: (GNU Tools for ARM Embedded Processors) 4.9.3 20141119 (release) [ARM/embedded-4_9-branch revision 218278]"
DEFINED SYMBOLS
                            *ABS*:00000000 Events.c
    {standard input}:17     .text.USB_Event_Stub:00000000 $t
    {standard input}:22     .text.USB_Event_Stub:00000000 USB_Event_Stub
    {standard input}:22     .text.USB_Event_Stub:00000000 EVENT_USB_Host_HostError
    {standard input}:22     .text.USB_Event_Stub:00000000 EVENT_USB_Host_DeviceAttached
    {standard input}:22     .text.USB_Event_Stub:00000000 EVENT_USB_Host_DeviceUnattached
    {standard input}:22     .text.USB_Event_Stub:00000000 EVENT_USB_Host_DeviceEnumerationComplete
    {standard input}:22     .text.USB_Event_Stub:00000000 EVENT_USB_Host_DeviceEnumerationFailed
    {standard input}:22     .text.USB_Event_Stub:00000000 EVENT_USB_Host_StartOfFrame

NO UNDEFINED SYMBOLS
