   1              	 .syntax unified
   2              	 .cpu cortex-m4
   3              	 .eabi_attribute 27,3
   4              	 .fpu fpv4-sp-d16
   5              	 .eabi_attribute 20,1
   6              	 .eabi_attribute 21,1
   7              	 .eabi_attribute 23,3
   8              	 .eabi_attribute 24,1
   9              	 .eabi_attribute 25,1
  10              	 .eabi_attribute 26,1
  11              	 .eabi_attribute 30,4
  12              	 .eabi_attribute 34,1
  13              	 .eabi_attribute 18,4
  14              	 .thumb
  15              	 .file "USBTask.c"
  16              	 .section .text.USB_USBTask,"ax",%progbits
  17              	 .align 1
  18              	 .global USB_USBTask
  19              	 .thumb
  20              	 .thumb_func
  22              	USB_USBTask:
  23              	 
  24              	 
  25 0000 10B5     	 push {r4,lr}
  26 0002 FFF7FEFF 	 bl Pipe_GetCurrentPipe
  27 0006 0446     	 mov r4,r0
  28 0008 0020     	 movs r0,#0
  29 000a FFF7FEFF 	 bl Pipe_SelectPipe
  30 000e FFF7FEFF 	 bl USB_Host_ProcessNextHostState
  31 0012 2046     	 mov r0,r4
  32 0014 BDE81040 	 pop {r4,lr}
  33 0018 FFF7FEBF 	 b Pipe_SelectPipe
  35              	 .comm USB_HostState,1,1
  36              	 .comm USB_ControlRequest,8,1
  37              	 .comm USB_IsInitialized,1,1
  38              	 .ident "GCC: (GNU Tools for ARM Embedded Processors) 4.9.3 20141119 (release) [ARM/embedded-4_9-branch revision 218278]"
DEFINED SYMBOLS
                            *ABS*:00000000 USBTask.c
    {standard input}:17     .text.USB_USBTask:00000000 $t
    {standard input}:22     .text.USB_USBTask:00000000 USB_USBTask
                            *COM*:00000001 USB_HostState
                            *COM*:00000008 USB_ControlRequest
                            *COM*:00000001 USB_IsInitialized

UNDEFINED SYMBOLS
Pipe_GetCurrentPipe
Pipe_SelectPipe
USB_Host_ProcessNextHostState
