   1              	 .syntax unified
   2              	 .cpu cortex-m4
   3              	 .eabi_attribute 27,3
   4              	 .fpu fpv4-sp-d16
   5              	 .eabi_attribute 20,1
   6              	 .eabi_attribute 21,1
   7              	 .eabi_attribute 23,3
   8              	 .eabi_attribute 24,1
   9              	 .eabi_attribute 25,1
  10              	 .eabi_attribute 26,1
  11              	 .eabi_attribute 30,4
  12              	 .eabi_attribute 34,1
  13              	 .eabi_attribute 18,4
  14              	 .thumb
  15              	 .file "xmc_uart.c"
  16              	 .section .text.XMC_UART_CH_Init,"ax",%progbits
  17              	 .align 1
  18              	 .global XMC_UART_CH_Init
  19              	 .thumb
  20              	 .thumb_func
  22              	XMC_UART_CH_Init:
  23              	 
  24              	 
  25 0000 70B5     	 push {r4,r5,r6,lr}
  26 0002 0E46     	 mov r6,r1
  27 0004 0446     	 mov r4,r0
  28 0006 FFF7FEFF 	 bl XMC_USIC_CH_Enable
  29 000a 357A     	 ldrb r5,[r6,#8]
  30 000c 3379     	 ldrb r3,[r6,#4]
  31 000e 3168     	 ldr r1,[r6]
  32 0010 002D     	 cmp r5,#0
  33 0012 08BF     	 it eq
  34 0014 1025     	 moveq r5,#16
  35 0016 2046     	 mov r0,r4
  36 0018 2A46     	 mov r2,r5
  37 001a 13B1     	 cbz r3,.L3
  38 001c FFF7FEFF 	 bl XMC_USIC_CH_SetBaudrateEx
  39 0020 01E0     	 b .L4
  40              	.L3:
  41 0022 FFF7FEFF 	 bl XMC_USIC_CH_SetBaudrate
  42              	.L4:
  43 0026 F379     	 ldrb r3,[r6,#7]
  44 0028 013B     	 subs r3,r3,#1
  45 002a 5B00     	 lsls r3,r3,#1
  46 002c 43F44033 	 orr r3,r3,#196608
  47 0030 6D08     	 lsrs r5,r5,#1
  48 0032 43F00103 	 orr r3,r3,#1
  49 0036 0135     	 adds r5,r5,#1
  50 0038 43EA0523 	 orr r3,r3,r5,lsl#8
  51 003c E363     	 str r3,[r4,#60]
  52 003e 7379     	 ldrb r3,[r6,#5]
  53 0040 013B     	 subs r3,r3,#1
  54 0042 1B06     	 lsls r3,r3,#24
  55 0044 43F48173 	 orr r3,r3,#258
  56 0048 6363     	 str r3,[r4,#52]
  57 004a B379     	 ldrb r3,[r6,#6]
  58 004c 626B     	 ldr r2,[r4,#52]
  59 004e 03B9     	 cbnz r3,.L8
  60 0050 7379     	 ldrb r3,[r6,#5]
  61              	.L8:
  62 0052 013B     	 subs r3,r3,#1
  63 0054 42EA0343 	 orr r3,r2,r3,lsl#16
  64 0058 6363     	 str r3,[r4,#52]
  65 005a 4FF4A063 	 mov r3,#1280
  66 005e A363     	 str r3,[r4,#56]
  67 0060 4FF0FF33 	 mov r3,#-1
  68 0064 E364     	 str r3,[r4,#76]
  69 0066 7389     	 ldrh r3,[r6,#10]
  70 0068 2364     	 str r3,[r4,#64]
  71 006a 70BD     	 pop {r4,r5,r6,pc}
  73              	 .section .text.XMC_UART_CH_SetBaudrate,"ax",%progbits
  74              	 .align 1
  75              	 .global XMC_UART_CH_SetBaudrate
  76              	 .thumb
  77              	 .thumb_func
  79              	XMC_UART_CH_SetBaudrate:
  80              	 
  81              	 
  82 0000 70B5     	 push {r4,r5,r6,lr}
  83 0002 0D46     	 mov r5,r1
  84 0004 0646     	 mov r6,r0
  85 0006 1446     	 mov r4,r2
  86 0008 FFF7FEFF 	 bl XMC_SCU_CLOCK_GetPeripheralClockFrequency
  87 000c B5EB900F 	 cmp r5,r0,lsr#2
  88 0010 0AD8     	 bhi .L13
  89 0012 032C     	 cmp r4,#3
  90 0014 08D9     	 bls .L13
  91 0016 3046     	 mov r0,r6
  92 0018 2946     	 mov r1,r5
  93 001a 2246     	 mov r2,r4
  94 001c FFF7FEFF 	 bl XMC_USIC_CH_SetBaudrate
  95 0020 0030     	 adds r0,r0,#0
  96 0022 18BF     	 it ne
  97 0024 0120     	 movne r0,#1
  98 0026 70BD     	 pop {r4,r5,r6,pc}
  99              	.L13:
 100 0028 0120     	 movs r0,#1
 101 002a 70BD     	 pop {r4,r5,r6,pc}
 103              	 .section .text.XMC_UART_CH_SetBaudrateEx,"ax",%progbits
 104              	 .align 1
 105              	 .global XMC_UART_CH_SetBaudrateEx
 106              	 .thumb
 107              	 .thumb_func
 109              	XMC_UART_CH_SetBaudrateEx:
 110              	 
 111              	 
 112 0000 F8B5     	 push {r3,r4,r5,r6,r7,lr}
 113 0002 0D46     	 mov r5,r1
 114 0004 0646     	 mov r6,r0
 115 0006 1446     	 mov r4,r2
 116 0008 1F46     	 mov r7,r3
 117 000a FFF7FEFF 	 bl XMC_SCU_CLOCK_GetPeripheralClockFrequency
 118 000e B5EB900F 	 cmp r5,r0,lsr#2
 119 0012 0DD8     	 bhi .L15
 120 0014 032C     	 cmp r4,#3
 121 0016 0BD9     	 bls .L15
 122 0018 3046     	 mov r0,r6
 123 001a 2946     	 mov r1,r5
 124 001c 2246     	 mov r2,r4
 125 001e 1FB1     	 cbz r7,.L16
 126 0020 BDE8F840 	 pop {r3,r4,r5,r6,r7,lr}
 127 0024 FFF7FEBF 	 b XMC_USIC_CH_SetBaudrateEx
 128              	.L16:
 129 0028 BDE8F840 	 pop {r3,r4,r5,r6,r7,lr}
 130 002c FFF7FEBF 	 b XMC_USIC_CH_SetBaudrate
 131              	.L15:
 132 0030 0120     	 movs r0,#1
 133 0032 F8BD     	 pop {r3,r4,r5,r6,r7,pc}
 135              	 .section .text.XMC_UART_CH_Transmit,"ax",%progbits
 136              	 .align 1
 137              	 .global XMC_UART_CH_Transmit
 138              	 .thumb
 139              	 .thumb_func
 141              	XMC_UART_CH_Transmit:
 142              	 
 143              	 
 144              	 
 145 0000 D0F80831 	 ldr r3,[r0,#264]
 146 0004 13F0E06F 	 tst r3,#117440512
 147 0008 08D1     	 bne .L20
 148              	.L21:
 149 000a 836B     	 ldr r3,[r0,#56]
 150 000c 1B06     	 lsls r3,r3,#24
 151 000e FCD4     	 bmi .L21
 152 0010 4FF40053 	 mov r3,#8192
 153 0014 C364     	 str r3,[r0,#76]
 154 0016 C0F88010 	 str r1,[r0,#128]
 155 001a 7047     	 bx lr
 156              	.L20:
 157 001c C0F88011 	 str r1,[r0,#384]
 158 0020 7047     	 bx lr
 160              	 .section .text.XMC_UART_CH_GetReceivedData,"ax",%progbits
 161              	 .align 1
 162              	 .global XMC_UART_CH_GetReceivedData
 163              	 .thumb
 164              	 .thumb_func
 166              	XMC_UART_CH_GetReceivedData:
 167              	 
 168              	 
 169              	 
 170 0000 D0F80C31 	 ldr r3,[r0,#268]
 171 0004 13F0E06F 	 tst r3,#117440512
 172 0008 0CBF     	 ite eq
 173 000a 406D     	 ldreq r0,[r0,#84]
 174 000c D0F81C01 	 ldrne r0,[r0,#284]
 175 0010 80B2     	 uxth r0,r0
 176 0012 7047     	 bx lr
 178              	 .section .text.XMC_UART_CH_Stop,"ax",%progbits
 179              	 .align 1
 180              	 .global XMC_UART_CH_Stop
 181              	 .thumb
 182              	 .thumb_func
 184              	XMC_UART_CH_Stop:
 185              	 
 186              	 
 187              	 
 188 0000 836B     	 ldr r3,[r0,#56]
 189 0002 1B06     	 lsls r3,r3,#24
 190 0004 09D4     	 bmi .L32
 191 0006 836C     	 ldr r3,[r0,#72]
 192 0008 13F40073 	 ands r3,r3,#512
 193 000c 05D1     	 bne .L32
 194 000e 026C     	 ldr r2,[r0,#64]
 195 0010 22F00F02 	 bic r2,r2,#15
 196 0014 0264     	 str r2,[r0,#64]
 197 0016 1846     	 mov r0,r3
 198 0018 7047     	 bx lr
 199              	.L32:
 200 001a 0220     	 movs r0,#2
 201 001c 7047     	 bx lr
 203              	 .section .text.XMC_UART_CH_EnableEvent,"ax",%progbits
 204              	 .align 1
 205              	 .global XMC_UART_CH_EnableEvent
 206              	 .thumb
 207              	 .thumb_func
 209              	XMC_UART_CH_EnableEvent:
 210              	 
 211              	 
 212              	 
 213 0000 036C     	 ldr r3,[r0,#64]
 214 0002 01F4FE32 	 and r2,r1,#130048
 215 0006 1343     	 orrs r3,r3,r2
 216 0008 0364     	 str r3,[r0,#64]
 217 000a C36B     	 ldr r3,[r0,#60]
 218 000c 01F0F801 	 and r1,r1,#248
 219 0010 1943     	 orrs r1,r1,r3
 220 0012 C163     	 str r1,[r0,#60]
 221 0014 7047     	 bx lr
 223              	 .section .text.XMC_UART_CH_DisableEvent,"ax",%progbits
 224              	 .align 1
 225              	 .global XMC_UART_CH_DisableEvent
 226              	 .thumb
 227              	 .thumb_func
 229              	XMC_UART_CH_DisableEvent:
 230              	 
 231              	 
 232              	 
 233 0000 036C     	 ldr r3,[r0,#64]
 234 0002 01F4FE32 	 and r2,r1,#130048
 235 0006 23EA0203 	 bic r3,r3,r2
 236 000a 0364     	 str r3,[r0,#64]
 237 000c C36B     	 ldr r3,[r0,#60]
 238 000e 01F0F801 	 and r1,r1,#248
 239 0012 23EA0101 	 bic r1,r3,r1
 240 0016 C163     	 str r1,[r0,#60]
 241 0018 7047     	 bx lr
 243              	 .ident "GCC: (GNU Tools for ARM Embedded Processors) 4.9.3 20141119 (release) [ARM/embedded-4_9-branch revision 218278]"
DEFINED SYMBOLS
                            *ABS*:00000000 xmc_uart.c
    {standard input}:17     .text.XMC_UART_CH_Init:00000000 $t
    {standard input}:22     .text.XMC_UART_CH_Init:00000000 XMC_UART_CH_Init
    {standard input}:74     .text.XMC_UART_CH_SetBaudrate:00000000 $t
    {standard input}:79     .text.XMC_UART_CH_SetBaudrate:00000000 XMC_UART_CH_SetBaudrate
    {standard input}:104    .text.XMC_UART_CH_SetBaudrateEx:00000000 $t
    {standard input}:109    .text.XMC_UART_CH_SetBaudrateEx:00000000 XMC_UART_CH_SetBaudrateEx
    {standard input}:136    .text.XMC_UART_CH_Transmit:00000000 $t
    {standard input}:141    .text.XMC_UART_CH_Transmit:00000000 XMC_UART_CH_Transmit
    {standard input}:161    .text.XMC_UART_CH_GetReceivedData:00000000 $t
    {standard input}:166    .text.XMC_UART_CH_GetReceivedData:00000000 XMC_UART_CH_GetReceivedData
    {standard input}:179    .text.XMC_UART_CH_Stop:00000000 $t
    {standard input}:184    .text.XMC_UART_CH_Stop:00000000 XMC_UART_CH_Stop
    {standard input}:204    .text.XMC_UART_CH_EnableEvent:00000000 $t
    {standard input}:209    .text.XMC_UART_CH_EnableEvent:00000000 XMC_UART_CH_EnableEvent
    {standard input}:224    .text.XMC_UART_CH_DisableEvent:00000000 $t
    {standard input}:229    .text.XMC_UART_CH_DisableEvent:00000000 XMC_UART_CH_DisableEvent

UNDEFINED SYMBOLS
XMC_USIC_CH_Enable
XMC_USIC_CH_SetBaudrateEx
XMC_USIC_CH_SetBaudrate
XMC_SCU_CLOCK_GetPeripheralClockFrequency
