   1              	 .syntax unified
   2              	 .cpu cortex-m4
   3              	 .eabi_attribute 27,3
   4              	 .fpu fpv4-sp-d16
   5              	 .eabi_attribute 20,1
   6              	 .eabi_attribute 21,1
   7              	 .eabi_attribute 23,3
   8              	 .eabi_attribute 24,1
   9              	 .eabi_attribute 25,1
  10              	 .eabi_attribute 26,1
  11              	 .eabi_attribute 30,4
  12              	 .eabi_attribute 34,1
  13              	 .eabi_attribute 18,4
  14              	 .thumb
  15              	 .file "xmc_usbh.c"
  16              	 .section .text.XMC_USBH_GetVersion,"ax",%progbits
  17              	 .align 1
  18              	 .thumb
  19              	 .thumb_func
  21              	XMC_USBH_GetVersion:
  22              	 
  23              	 
  24              	 
  25 0000 074B     	 ldr r3,.L2
  26 0002 82B0     	 sub sp,sp,#8
  27 0004 1868     	 ldr r0,[r3]
  28 0006 0190     	 str r0,[sp,#4]
  29 0008 BDF80430 	 ldrh r3,[sp,#4]
  30 000c 0020     	 movs r0,#0
  31 000e 63F30F00 	 bfi r0,r3,#0,#16
  32 0012 BDF80630 	 ldrh r3,[sp,#6]
  33 0016 63F31F40 	 bfi r0,r3,#16,#16
  34 001a 02B0     	 add sp,sp,#8
  35              	 
  36 001c 7047     	 bx lr
  37              	.L3:
  38 001e 00BF     	 .align 2
  39              	.L2:
  40 0020 00000000 	 .word .LANCHOR0
  42              	 .section .text.XMC_USBH_GetCapabilities,"ax",%progbits
  43              	 .align 1
  44              	 .thumb
  45              	 .thumb_func
  47              	XMC_USBH_GetCapabilities:
  48              	 
  49              	 
  50              	 
  51 0000 0123     	 movs r3,#1
  52 0002 0020     	 movs r0,#0
  53 0004 63F30E00 	 bfi r0,r3,#0,#15
  54 0008 6FF3CF30 	 bfc r0,#15,#1
  55 000c 40F44030 	 orr r0,r0,#196608
  56 0010 20F48020 	 bic r0,r0,#262144
  57 0014 7047     	 bx lr
  59              	 .section .text.XMC_USBH_PortSuspend,"ax",%progbits
  60              	 .align 1
  61              	 .thumb
  62              	 .thumb_func
  64              	XMC_USBH_PortSuspend:
  65              	 
  66              	 
  67              	 
  68 0000 0C4B     	 ldr r3,.L10
  69 0002 5A7C     	 ldrb r2,[r3,#17]
  70 0004 82B1     	 cbz r2,.L7
  71 0006 90B9     	 cbnz r0,.L8
  72 0008 1A68     	 ldr r2,[r3]
  73 000a D2F84034 	 ldr r3,[r2,#1088]
  74 000e 23F00403 	 bic r3,r3,#4
  75 0012 43F08003 	 orr r3,r3,#128
  76 0016 C2F84034 	 str r3,[r2,#1088]
  77 001a D2F8003E 	 ldr r3,[r2,#3584]
  78 001e 43F00303 	 orr r3,r3,#3
  79 0022 C2F8003E 	 str r3,[r2,#3584]
  80 0026 7047     	 bx lr
  81              	.L7:
  82 0028 4FF0FF30 	 mov r0,#-1
  83 002c 7047     	 bx lr
  84              	.L8:
  85 002e 6FF00400 	 mvn r0,#4
  86 0032 7047     	 bx lr
  87              	.L11:
  88              	 .align 2
  89              	.L10:
  90 0034 00000000 	 .word .LANCHOR1
  92              	 .section .text.XMC_USBH_PortGetState,"ax",%progbits
  93              	 .align 1
  94              	 .thumb
  95              	 .thumb_func
  97              	XMC_USBH_PortGetState:
  98              	 
  99              	 
 100              	 
 101 0000 0C4A     	 ldr r2,.L19
 102 0002 537C     	 ldrb r3,[r2,#17]
 103 0004 63B1     	 cbz r3,.L18
 104 0006 50B9     	 cbnz r0,.L16
 105 0008 1368     	 ldr r3,[r2]
 106 000a D3F84034 	 ldr r3,[r3,#1088]
 107 000e 03F00102 	 and r2,r3,#1
 108 0012 C3F34143 	 ubfx r3,r3,#17,#2
 109 0016 591E     	 subs r1,r3,#1
 110 0018 4B42     	 rsbs r3,r1,#0
 111 001a 4B41     	 adcs r3,r3,r1
 112 001c 01E0     	 b .L13
 113              	.L16:
 114 001e 0023     	 movs r3,#0
 115              	.L18:
 116 0020 1A46     	 mov r2,r3
 117              	.L13:
 118 0022 0020     	 movs r0,#0
 119 0024 62F30000 	 bfi r0,r2,#0,#1
 120 0028 6FF34100 	 bfc r0,#1,#1
 121 002c 63F38300 	 bfi r0,r3,#2,#2
 122 0030 7047     	 bx lr
 123              	.L20:
 124 0032 00BF     	 .align 2
 125              	.L19:
 126 0034 00000000 	 .word .LANCHOR1
 128              	 .section .text.XMC_USBH_PipeModify,"ax",%progbits
 129              	 .align 1
 130              	 .thumb
 131              	 .thumb_func
 133              	XMC_USBH_PipeModify:
 134              	 
 135              	 
 136 0000 F0B5     	 push {r4,r5,r6,r7,lr}
 137 0002 144B     	 ldr r3,.L26
 138 0004 BDF81860 	 ldrh r6,[sp,#24]
 139 0008 5A7C     	 ldrb r2,[r3,#17]
 140 000a CAB1     	 cbz r2,.L23
 141 000c D8B1     	 cbz r0,.L24
 142 000e 5B68     	 ldr r3,[r3,#4]
 143 0010 114A     	 ldr r2,.L26+4
 144 0012 C31A     	 subs r3,r0,r3
 145 0014 23F01F03 	 bic r3,r3,#31
 146 0018 1344     	 add r3,r3,r2
 147 001a DA7E     	 ldrb r2,[r3,#27]
 148 001c 02F0FF04 	 and r4,r2,#255
 149 0020 A2B9     	 cbnz r2,.L25
 150 0022 0268     	 ldr r2,[r0]
 151 0024 0D4D     	 ldr r5,.L26+8
 152 0026 1540     	 ands r5,r5,r2
 153 0028 8A05     	 lsls r2,r1,#22
 154 002a C6F30A07 	 ubfx r7,r6,#0,#11
 155 002e 02F0FE52 	 and r2,r2,#532676608
 156 0032 47EA0201 	 orr r1,r7,r2
 157 0036 2943     	 orrs r1,r1,r5
 158 0038 0160     	 str r1,[r0]
 159 003a 9E82     	 strh r6,[r3,#20]
 160 003c 2046     	 mov r0,r4
 161 003e F0BD     	 pop {r4,r5,r6,r7,pc}
 162              	.L23:
 163 0040 4FF0FF30 	 mov r0,#-1
 164 0044 F0BD     	 pop {r4,r5,r6,r7,pc}
 165              	.L24:
 166 0046 6FF00400 	 mvn r0,#4
 167 004a F0BD     	 pop {r4,r5,r6,r7,pc}
 168              	.L25:
 169 004c 6FF00100 	 mvn r0,#1
 170 0050 F0BD     	 pop {r4,r5,r6,r7,pc}
 171              	.L27:
 172 0052 00BF     	 .align 2
 173              	.L26:
 174 0054 00000000 	 .word .LANCHOR1
 175 0058 00000000 	 .word pipe
 176 005c 00F83FE0 	 .word -532678656
 178              	 .section .text.XMC_USBH_PipeReset,"ax",%progbits
 179              	 .align 1
 180              	 .thumb
 181              	 .thumb_func
 183              	XMC_USBH_PipeReset:
 184              	 
 185              	 
 186              	 
 187 0000 0D4B     	 ldr r3,.L33
 188 0002 5A7C     	 ldrb r2,[r3,#17]
 189 0004 7AB1     	 cbz r2,.L30
 190 0006 88B1     	 cbz r0,.L31
 191 0008 5B68     	 ldr r3,[r3,#4]
 192 000a 0C4A     	 ldr r2,.L33+4
 193 000c C31A     	 subs r3,r0,r3
 194 000e 23F01F03 	 bic r3,r3,#31
 195 0012 1344     	 add r3,r3,r2
 196 0014 DA78     	 ldrb r2,[r3,#3]
 197 0016 02F0FF03 	 and r3,r2,#255
 198 001a 52B9     	 cbnz r2,.L32
 199 001c 8360     	 str r3,[r0,#8]
 200 001e C360     	 str r3,[r0,#12]
 201 0020 0361     	 str r3,[r0,#16]
 202 0022 1846     	 mov r0,r3
 203 0024 7047     	 bx lr
 204              	.L30:
 205 0026 4FF0FF30 	 mov r0,#-1
 206 002a 7047     	 bx lr
 207              	.L31:
 208 002c 6FF00400 	 mvn r0,#4
 209 0030 7047     	 bx lr
 210              	.L32:
 211 0032 6FF00100 	 mvn r0,#1
 212 0036 7047     	 bx lr
 213              	.L34:
 214              	 .align 2
 215              	.L33:
 216 0038 00000000 	 .word .LANCHOR1
 217 003c 18000000 	 .word pipe+24
 219              	 .section .text.XMC_USBH_PipeDelete,"ax",%progbits
 220              	 .align 1
 221              	 .thumb
 222              	 .thumb_func
 224              	XMC_USBH_PipeDelete:
 225              	 
 226              	 
 227 0000 114A     	 ldr r2,.L40
 228 0002 517C     	 ldrb r1,[r2,#17]
 229 0004 10B5     	 push {r4,lr}
 230 0006 0346     	 mov r3,r0
 231 0008 A1B1     	 cbz r1,.L37
 232 000a B0B1     	 cbz r0,.L38
 233 000c 5268     	 ldr r2,[r2,#4]
 234 000e 821A     	 subs r2,r0,r2
 235 0010 0E48     	 ldr r0,.L40+4
 236 0012 22F01F02 	 bic r2,r2,#31
 237 0016 1044     	 add r0,r0,r2
 238 0018 C27E     	 ldrb r2,[r0,#27]
 239 001a 02F0FF04 	 and r4,r2,#255
 240 001e 7AB9     	 cbnz r2,.L39
 241 0020 1C60     	 str r4,[r3]
 242 0022 2146     	 mov r1,r4
 243 0024 9C60     	 str r4,[r3,#8]
 244 0026 2022     	 movs r2,#32
 245 0028 DC60     	 str r4,[r3,#12]
 246 002a 1C61     	 str r4,[r3,#16]
 247 002c FFF7FEFF 	 bl memset
 248 0030 2046     	 mov r0,r4
 249 0032 10BD     	 pop {r4,pc}
 250              	.L37:
 251 0034 4FF0FF30 	 mov r0,#-1
 252 0038 10BD     	 pop {r4,pc}
 253              	.L38:
 254 003a 6FF00400 	 mvn r0,#4
 255 003e 10BD     	 pop {r4,pc}
 256              	.L39:
 257 0040 6FF00100 	 mvn r0,#1
 258 0044 10BD     	 pop {r4,pc}
 259              	.L41:
 260 0046 00BF     	 .align 2
 261              	.L40:
 262 0048 00000000 	 .word .LANCHOR1
 263 004c 00000000 	 .word pipe
 265              	 .section .text.XMC_USBH_PipeCreate,"ax",%progbits
 266              	 .align 1
 267              	 .thumb
 268              	 .thumb_func
 270              	XMC_USBH_PipeCreate:
 271              	 
 272              	 
 273 0000 2DE9F74F 	 push {r0,r1,r2,r4,r5,r6,r7,r8,r9,r10,fp,lr}
 274 0004 3149     	 ldr r1,.L62
 275 0006 9DF830C0 	 ldrb ip,[sp,#48]
 276 000a 4A7C     	 ldrb r2,[r1,#17]
 277 000c 9DF834B0 	 ldrb fp,[sp,#52]
 278 0010 BDF83850 	 ldrh r5,[sp,#56]
 279 0014 9DF83C30 	 ldrb r3,[sp,#60]
 280 0018 8046     	 mov r8,r0
 281 001a 52B1     	 cbz r2,.L60
 282 001c 4E68     	 ldr r6,[r1,#4]
 283 001e 06F5E072 	 add r2,r6,#448
 284 0022 3446     	 mov r4,r6
 285              	.L45:
 286 0024 2168     	 ldr r1,[r4]
 287 0026 31F04041 	 bics r1,r1,#-1073741824
 288 002a 05D0     	 beq .L44
 289 002c 2034     	 adds r4,r4,#32
 290 002e 9442     	 cmp r4,r2
 291 0030 F8D1     	 bne .L45
 292              	.L60:
 293 0032 4FF00009 	 mov r9,#0
 294 0036 45E0     	 b .L59
 295              	.L44:
 296 0038 A61B     	 subs r6,r4,r6
 297 003a 254F     	 ldr r7,.L62+4
 298 003c 0193     	 str r3,[sp,#4]
 299 003e 26F01F06 	 bic r6,r6,#31
 300 0042 06EB070A 	 add r10,r6,r7
 301 0046 2022     	 movs r2,#32
 302 0048 5046     	 mov r0,r10
 303 004a CDF800C0 	 str ip,[sp]
 304 004e FFF7FEFF 	 bl memset
 305 0052 4FEA8B41 	 lsl r1,fp,#18
 306 0056 DDF800C0 	 ldr ip,[sp]
 307 005a C5F30A02 	 ubfx r2,r5,#0,#11
 308 005e 01F44021 	 and r1,r1,#786432
 309 0062 4FEA8858 	 lsl r8,r8,#22
 310 0066 0A43     	 orrs r2,r2,r1
 311 0068 08F0FE58 	 and r8,r8,#532676608
 312 006c 42EA0808 	 orr r8,r2,r8
 313 0070 4FEACC22 	 lsl r2,ip,#11
 314 0074 02F4F042 	 and r2,r2,#30720
 315 0078 5FEADC13 	 lsrs r3,ip,#7
 316 007c 48EA0208 	 orr r8,r8,r2
 317 0080 0CBF     	 ite eq
 318 0082 4FF40042 	 moveq r2,#32768
 319 0086 0022     	 movne r2,#0
 320 0088 48EA0202 	 orr r2,r8,r2
 321 008c BBF1010F 	 cmp fp,#1
 322 0090 2260     	 str r2,[r4]
 323 0092 A146     	 mov r9,r4
 324 0094 AAF81450 	 strh r5,[r10,#20]
 325 0098 019B     	 ldr r3,[sp,#4]
 326 009a 8AF81AB0 	 strb fp,[r10,#26]
 327 009e 0ED1     	 bne .L61
 328              	.L46:
 329 00a0 0BB1     	 cbz r3,.L47
 330 00a2 BA19     	 adds r2,r7,r6
 331 00a4 D382     	 strh r3,[r2,#22]
 332              	.L47:
 333 00a6 3744     	 add r7,r7,r6
 334 00a8 ED0A     	 lsrs r5,r5,#11
 335 00aa FB8A     	 ldrh r3,[r7,#22]
 336 00ac 3B83     	 strh r3,[r7,#24]
 337 00ae 2368     	 ldr r3,[r4]
 338 00b0 0135     	 adds r5,r5,#1
 339 00b2 05F00305 	 and r5,r5,#3
 340 00b6 43EA0555 	 orr r5,r3,r5,lsl#20
 341 00ba 2560     	 str r5,[r4]
 342 00bc 02E0     	 b .L59
 343              	.L61:
 344 00be BBF1030F 	 cmp fp,#3
 345 00c2 EDD0     	 beq .L46
 346              	.L59:
 347 00c4 4846     	 mov r0,r9
 348 00c6 03B0     	 add sp,sp,#12
 349              	 
 350 00c8 BDE8F08F 	 pop {r4,r5,r6,r7,r8,r9,r10,fp,pc}
 351              	.L63:
 352              	 .align 2
 353              	.L62:
 354 00cc 00000000 	 .word .LANCHOR1
 355 00d0 00000000 	 .word pipe
 357              	 .section .text.XMC_USBH_PipeTransferGetResult,"ax",%progbits
 358              	 .align 1
 359              	 .thumb
 360              	 .thumb_func
 362              	XMC_USBH_PipeTransferGetResult:
 363              	 
 364              	 
 365              	 
 366 0000 38B1     	 cbz r0,.L65
 367 0002 044B     	 ldr r3,.L67
 368 0004 5B68     	 ldr r3,[r3,#4]
 369 0006 C01A     	 subs r0,r0,r3
 370 0008 034B     	 ldr r3,.L67+4
 371 000a 20F01F00 	 bic r0,r0,#31
 372 000e 1844     	 add r0,r0,r3
 373 0010 4068     	 ldr r0,[r0,#4]
 374              	.L65:
 375 0012 7047     	 bx lr
 376              	.L68:
 377              	 .align 2
 378              	.L67:
 379 0014 00000000 	 .word .LANCHOR1
 380 0018 08000000 	 .word pipe+8
 382              	 .section .text.XMC_USBH_GetFrameNumber,"ax",%progbits
 383              	 .align 1
 384              	 .thumb
 385              	 .thumb_func
 387              	XMC_USBH_GetFrameNumber:
 388              	 
 389              	 
 390              	 
 391 0000 044B     	 ldr r3,.L72
 392 0002 587C     	 ldrb r0,[r3,#17]
 393 0004 20B1     	 cbz r0,.L70
 394 0006 1B68     	 ldr r3,[r3]
 395 0008 D3F80804 	 ldr r0,[r3,#1032]
 396 000c C0F30B00 	 ubfx r0,r0,#0,#12
 397              	.L70:
 398 0010 7047     	 bx lr
 399              	.L73:
 400 0012 00BF     	 .align 2
 401              	.L72:
 402 0014 00000000 	 .word .LANCHOR1
 404              	 .section .text.XMC_USBH_PortVbusOnOff,"ax",%progbits
 405              	 .align 1
 406              	 .thumb
 407              	 .thumb_func
 409              	XMC_USBH_PortVbusOnOff:
 410              	 
 411              	 
 412 0000 38B5     	 push {r3,r4,r5,lr}
 413 0002 144B     	 ldr r3,.L79
 414 0004 5A7C     	 ldrb r2,[r3,#17]
 415 0006 0546     	 mov r5,r0
 416 0008 0C46     	 mov r4,r1
 417 000a E2B1     	 cbz r2,.L77
 418 000c F0B9     	 cbnz r0,.L78
 419 000e 1868     	 ldr r0,[r3]
 420 0010 1149     	 ldr r1,.L79+4
 421 0012 124A     	 ldr r2,.L79+8
 422 0014 D0F84034 	 ldr r3,[r0,#1088]
 423 0018 54B1     	 cbz r4,.L76
 424 001a 43F48053 	 orr r3,r3,#4096
 425 001e C0F84034 	 str r3,[r0,#1088]
 426 0022 0868     	 ldr r0,[r1]
 427 0024 1178     	 ldrb r1,[r2]
 428 0026 8822     	 movs r2,#136
 429 0028 FFF7FEFF 	 bl XMC_GPIO_SetMode
 430 002c 2846     	 mov r0,r5
 431 002e 38BD     	 pop {r3,r4,r5,pc}
 432              	.L76:
 433 0030 23F48053 	 bic r3,r3,#4096
 434 0034 C0F84034 	 str r3,[r0,#1088]
 435 0038 0868     	 ldr r0,[r1]
 436 003a 1178     	 ldrb r1,[r2]
 437 003c 2246     	 mov r2,r4
 438 003e FFF7FEFF 	 bl XMC_GPIO_SetMode
 439 0042 2046     	 mov r0,r4
 440 0044 38BD     	 pop {r3,r4,r5,pc}
 441              	.L77:
 442 0046 4FF0FF30 	 mov r0,#-1
 443 004a 38BD     	 pop {r3,r4,r5,pc}
 444              	.L78:
 445 004c 6FF00400 	 mvn r0,#4
 446 0050 38BD     	 pop {r3,r4,r5,pc}
 447              	.L80:
 448 0052 00BF     	 .align 2
 449              	.L79:
 450 0054 00000000 	 .word .LANCHOR1
 451 0058 00000000 	 .word .LANCHOR2
 452 005c 00000000 	 .word .LANCHOR3
 454              	 .section .text.XMC_USBH_Initialize,"ax",%progbits
 455              	 .align 1
 456              	 .thumb
 457              	 .thumb_func
 459              	XMC_USBH_Initialize:
 460              	 
 461              	 
 462 0000 10B5     	 push {r4,lr}
 463 0002 0D4C     	 ldr r4,.L85
 464 0004 237C     	 ldrb r3,[r4,#16]
 465 0006 A3B9     	 cbnz r3,.L82
 466 0008 A060     	 str r0,[r4,#8]
 467 000a E160     	 str r1,[r4,#12]
 468              	.L83:
 469 000c 03F5A022 	 add r2,r3,#327680
 470 0010 4132     	 adds r2,r2,#65
 471 0012 0A49     	 ldr r1,.L85+4
 472 0014 1203     	 lsls r2,r2,#12
 473 0016 41F82320 	 str r2,[r1,r3,lsl#2]
 474 001a 0133     	 adds r3,r3,#1
 475 001c 0E2B     	 cmp r3,#14
 476 001e F5D1     	 bne .L83
 477 0020 074B     	 ldr r3,.L85+8
 478 0022 1868     	 ldr r0,[r3]
 479 0024 074B     	 ldr r3,.L85+12
 480 0026 8822     	 movs r2,#136
 481 0028 1978     	 ldrb r1,[r3]
 482 002a FFF7FEFF 	 bl XMC_GPIO_SetMode
 483 002e 0123     	 movs r3,#1
 484 0030 2374     	 strb r3,[r4,#16]
 485              	.L82:
 486 0032 0020     	 movs r0,#0
 487 0034 10BD     	 pop {r4,pc}
 488              	.L86:
 489 0036 00BF     	 .align 2
 490              	.L85:
 491 0038 00000000 	 .word .LANCHOR1
 492 003c 00000000 	 .word .LANCHOR4
 493 0040 00000000 	 .word .LANCHOR2
 494 0044 00000000 	 .word .LANCHOR3
 496              	 .section .text.XMC_lStartTransfer,"ax",%progbits
 497              	 .align 1
 498              	 .thumb
 499              	 .thumb_func
 501              	XMC_lStartTransfer:
 502              	 
 503              	 
 504 0000 574A     	 ldr r2,.L113
 505 0002 D2F800C0 	 ldr ip,[r2]
 506 0006 DCF84034 	 ldr r3,[ip,#1088]
 507 000a 13F00103 	 ands r3,r3,#1
 508 000e 2DE9F043 	 push {r4,r5,r6,r7,r8,r9,lr}
 509 0012 4568     	 ldr r5,[r0,#4]
 510 0014 9646     	 mov lr,r2
 511 0016 00F09F80 	 beq .L107
 512 001a 0A68     	 ldr r2,[r1]
 513 001c 0468     	 ldr r4,[r0]
 514 001e 0B69     	 ldr r3,[r1,#16]
 515 0020 22F08042 	 bic r2,r2,#1073741824
 516 0024 04F00F07 	 and r7,r4,#15
 517 0028 22F40042 	 bic r2,r2,#32768
 518 002c 012F     	 cmp r7,#1
 519 002e 42F00046 	 orr r6,r2,#-2147483648
 520 0032 03F0C043 	 and r3,r3,#1610612736
 521 0036 07D0     	 beq .L108
 522 0038 032F     	 cmp r7,#3
 523 003a 12BF     	 itee ne
 524 003c 9927     	 movne r7,#153
 525 003e 42F08026 	 orreq r6,r2,#-2147450880
 526 0042 40F2B957 	 movweq r7,#1465
 527 0046 02E0     	 b .L90
 528              	.L108:
 529 0048 9927     	 movs r7,#153
 530 004a 4FF0C043 	 mov r3,#1610612736
 531              	.L90:
 532 004e 04F0F002 	 and r2,r4,#240
 533 0052 102A     	 cmp r2,#16
 534 0054 04D0     	 beq .L93
 535 0056 202A     	 cmp r2,#32
 536 0058 08BF     	 it eq
 537 005a 4FF08043 	 moveq r3,#1073741824
 538 005e 00E0     	 b .L92
 539              	.L93:
 540 0060 0023     	 movs r3,#0
 541              	.L92:
 542 0062 DCF80824 	 ldr r2,[ip,#1032]
 543 0066 D207     	 lsls r2,r2,#31
 544 0068 827E     	 ldrb r2,[r0,#26]
 545 006a 4CBF     	 ite mi
 546 006c 26F00056 	 bicmi r6,r6,#536870912
 547 0070 46F00056 	 orrpl r6,r6,#536870912
 548 0074 06F40048 	 and r8,r6,#32768
 549 0078 032A     	 cmp r2,#3
 550 007a 0FD8     	 bhi .L111
 551 007c DFE802F0 	 tbb [pc,r2]
 552              	.L99:
 553 0080 02       	 .byte (.L98-.L99)/2
 554 0081 08       	 .byte (.L100-.L99)/2
 555 0082 02       	 .byte (.L98-.L99)/2
 556 0083 08       	 .byte (.L100-.L99)/2
 557              	 .p2align 1
 558              	.L98:
 559 0084 B8F1000F 	 cmp r8,#0
 560 0088 08D1     	 bne .L111
 561 008a DCF82C20 	 ldr r2,[ip,#44]
 562 008e 06E0     	 b .L97
 563              	.L100:
 564 0090 B8F1000F 	 cmp r8,#0
 565 0094 02D1     	 bne .L111
 566 0096 DCF81024 	 ldr r2,[ip,#1040]
 567 009a 00E0     	 b .L97
 568              	.L111:
 569 009c 0022     	 movs r2,#0
 570              	.L97:
 571 009e D0F80CC0 	 ldr ip,[r0,#12]
 572 00a2 8468     	 ldr r4,[r0,#8]
 573 00a4 CCEB0404 	 rsb r4,ip,r4
 574 00a8 B8F1000F 	 cmp r8,#0
 575 00ac 27D1     	 bne .L101
 576 00ae 1FFA82F9 	 uxth r9,r2
 577 00b2 B0F81480 	 ldrh r8,[r0,#20]
 578 00b6 DEF804E0 	 ldr lr,[lr,#4]
 579 00ba 4FEA8909 	 lsl r9,r9,#2
 580 00be 4C45     	 cmp r4,r9
 581 00c0 28BF     	 it cs
 582 00c2 4C46     	 movcs r4,r9
 583 00c4 C2F30742 	 ubfx r2,r2,#16,#8
 584 00c8 08F1FF39 	 add r9,r8,#-1
 585 00cc A144     	 add r9,r9,r4
 586 00ce B9FBF8F9 	 udiv r9,r9,r8
 587 00d2 4A45     	 cmp r2,r9
 588 00d4 28BF     	 it cs
 589 00d6 4A46     	 movcs r2,r9
 590 00d8 08FB02F2 	 mul r2,r8,r2
 591 00dc 9442     	 cmp r4,r2
 592 00de CEEB010E 	 rsb lr,lr,r1
 593 00e2 28BF     	 it cs
 594 00e4 1446     	 movcs r4,r2
 595 00e6 6544     	 add r5,r5,ip
 596 00e8 4FEA6E1E 	 asr lr,lr,#5
 597 00ec DFF878C0 	 ldr ip,.L113+8
 598 00f0 E21C     	 adds r2,r4,#3
 599 00f2 5CF82EE0 	 ldr lr,[ip,lr,lsl#2]
 600 00f6 0461     	 str r4,[r0,#16]
 601 00f8 C2F38F02 	 ubfx r2,r2,#2,#16
 602 00fc 02E0     	 b .L102
 603              	.L101:
 604 00fe 0022     	 movs r2,#0
 605 0100 0261     	 str r2,[r0,#16]
 606 0102 9646     	 mov lr,r2
 607              	.L102:
 608 0104 5CB1     	 cbz r4,.L103
 609 0106 B0F814C0 	 ldrh ip,[r0,#20]
 610 010a 44EA0300 	 orr r0,r4,r3
 611 010e 0CF1FF33 	 add r3,ip,#-1
 612 0112 1C44     	 add r4,r4,r3
 613 0114 B4FBFCF3 	 udiv r3,r4,ip
 614 0118 40EAC343 	 orr r3,r0,r3,lsl#19
 615 011c 01E0     	 b .L104
 616              	.L103:
 617 011e 43F40023 	 orr r3,r3,#524288
 618              	.L104:
 619 0122 1048     	 ldr r0,.L113+4
 620 0124 4FF40064 	 mov r4,#2048
 621 0128 C0F88C40 	 str r4,[r0,#140]
 622              	
 623 012c BFF34F8F 	 dsb 0xF
 624              	
 625              	
 626 0130 BFF36F8F 	 isb 0xF
 627              	
 628              	 .thumb
 629 0134 CF60     	 str r7,[r1,#12]
 630 0136 0B61     	 str r3,[r1,#16]
 631 0138 0E60     	 str r6,[r1]
 632              	.L105:
 633 013a 32B1     	 cbz r2,.L112
 634 013c 55F8043B 	 ldr r3,[r5],#4
 635 0140 CEF80030 	 str r3,[lr]
 636 0144 013A     	 subs r2,r2,#1
 637 0146 92B2     	 uxth r2,r2
 638 0148 F7E7     	 b .L105
 639              	.L112:
 640 014a 064B     	 ldr r3,.L113+4
 641 014c 4FF40062 	 mov r2,#2048
 642 0150 DA60     	 str r2,[r3,#12]
 643 0152 0120     	 movs r0,#1
 644 0154 BDE8F083 	 pop {r4,r5,r6,r7,r8,r9,pc}
 645              	.L107:
 646 0158 1846     	 mov r0,r3
 647 015a BDE8F083 	 pop {r4,r5,r6,r7,r8,r9,pc}
 648              	.L114:
 649 015e 00BF     	 .align 2
 650              	.L113:
 651 0160 00000000 	 .word .LANCHOR1
 652 0164 00E100E0 	 .word -536813312
 653 0168 00000000 	 .word .LANCHOR4
 655              	 .section .text.XMC_USBH_PipeTransfer,"ax",%progbits
 656              	 .align 1
 657              	 .thumb
 658              	 .thumb_func
 660              	XMC_USBH_PipeTransfer:
 661              	 
 662              	 
 663 0000 2DE9F041 	 push {r4,r5,r6,r7,r8,lr}
 664 0004 0646     	 mov r6,r0
 665 0006 2748     	 ldr r0,.L126
 666 0008 447C     	 ldrb r4,[r0,#17]
 667 000a 002C     	 cmp r4,#0
 668 000c 42D0     	 beq .L121
 669 000e 01F00F04 	 and r4,r1,#15
 670 0012 013C     	 subs r4,r4,#1
 671 0014 022C     	 cmp r4,#2
 672 0016 39D8     	 bhi .L120
 673 0018 002E     	 cmp r6,#0
 674 001a 37D0     	 beq .L120
 675 001c 0468     	 ldr r4,[r0]
 676 001e D4F84044 	 ldr r4,[r4,#1088]
 677 0022 E407     	 lsls r4,r4,#31
 678 0024 36D5     	 bpl .L121
 679 0026 4568     	 ldr r5,[r0,#4]
 680 0028 1F4F     	 ldr r7,.L126+4
 681 002a 751B     	 subs r5,r6,r5
 682 002c 25F01F05 	 bic r5,r5,#31
 683 0030 E819     	 adds r0,r5,r7
 684 0032 00F1180E 	 add lr,r0,#24
 685 0036 90F81B80 	 ldrb r8,[r0,#27]
 686 003a BC46     	 mov ip,r7
 687 003c 08F0FF04 	 and r4,r8,#255
 688 0040 B8F1000F 	 cmp r8,#0
 689 0044 2AD1     	 bne .L122
 690 0046 E951     	 str r1,[r5,r7]
 691 0048 4260     	 str r2,[r0,#4]
 692 004a 00F10802 	 add r2,r0,#8
 693 004e 8360     	 str r3,[r0,#8]
 694 0050 5460     	 str r4,[r2,#4]
 695 0052 0461     	 str r4,[r0,#16]
 696 0054 C476     	 strb r4,[r0,#27]
 697 0056 0477     	 strb r4,[r0,#28]
 698 0058 4477     	 strb r4,[r0,#29]
 699 005a 8477     	 strb r4,[r0,#30]
 700 005c 837E     	 ldrb r3,[r0,#26]
 701 005e 032B     	 cmp r3,#3
 702 0060 07D1     	 bne .L117
 703 0062 038B     	 ldrh r3,[r0,#24]
 704 0064 9BB2     	 uxth r3,r3
 705 0066 23B1     	 cbz r3,.L117
 706 0068 0123     	 movs r3,#1
 707 006a C376     	 strb r3,[r0,#27]
 708 006c 2046     	 mov r0,r4
 709 006e BDE8F081 	 pop {r4,r5,r6,r7,r8,pc}
 710              	.L117:
 711 0072 6544     	 add r5,r5,ip
 712 0074 0123     	 movs r3,#1
 713 0076 2B77     	 strb r3,[r5,#28]
 714 0078 3146     	 mov r1,r6
 715 007a EB76     	 strb r3,[r5,#27]
 716 007c FFF7FEFF 	 bl XMC_lStartTransfer
 717 0080 80F00100 	 eor r0,r0,#1
 718 0084 C0B2     	 uxtb r0,r0
 719 0086 4042     	 negs r0,r0
 720 0088 BDE8F081 	 pop {r4,r5,r6,r7,r8,pc}
 721              	.L120:
 722 008c 6FF00400 	 mvn r0,#4
 723 0090 BDE8F081 	 pop {r4,r5,r6,r7,r8,pc}
 724              	.L121:
 725 0094 4FF0FF30 	 mov r0,#-1
 726 0098 BDE8F081 	 pop {r4,r5,r6,r7,r8,pc}
 727              	.L122:
 728 009c 6FF00100 	 mvn r0,#1
 729 00a0 BDE8F081 	 pop {r4,r5,r6,r7,r8,pc}
 730              	.L127:
 731              	 .align 2
 732              	.L126:
 733 00a4 00000000 	 .word .LANCHOR1
 734 00a8 00000000 	 .word pipe
 736              	 .section .text.XMC_USBH_HandleIrq,"ax",%progbits
 737              	 .align 1
 738              	 .global XMC_USBH_HandleIrq
 739              	 .thumb
 740              	 .thumb_func
 742              	XMC_USBH_HandleIrq:
 743              	 
 744              	 
 745 0000 C101     	 lsls r1,r0,#7
 746 0002 2DE9F047 	 push {r4,r5,r6,r7,r8,r9,r10,lr}
 747 0006 0646     	 mov r6,r0
 748 0008 1ED5     	 bpl .L130
 749 000a 974C     	 ldr r4,.L242
 750 000c 2368     	 ldr r3,[r4]
 751 000e D3F84054 	 ldr r5,[r3,#1088]
 752 0012 25F00402 	 bic r2,r5,#4
 753 0016 C3F84024 	 str r2,[r3,#1088]
 754 001a AA07     	 lsls r2,r5,#30
 755 001c 08D5     	 bpl .L132
 756 001e A07C     	 ldrb r0,[r4,#18]
 757 0020 40F20522 	 movw r2,#517
 758 0024 C3F80024 	 str r2,[r3,#1024]
 759 0028 10B9     	 cbnz r0,.L132
 760 002a A368     	 ldr r3,[r4,#8]
 761 002c 0121     	 movs r1,#1
 762 002e 9847     	 blx r3
 763              	.L132:
 764 0030 05F00C05 	 and r5,r5,#12
 765 0034 0C2D     	 cmp r5,#12
 766 0036 07D1     	 bne .L130
 767 0038 A27C     	 ldrb r2,[r4,#18]
 768 003a 8B4B     	 ldr r3,.L242
 769 003c 22B1     	 cbz r2,.L130
 770 003e 0020     	 movs r0,#0
 771 0040 9874     	 strb r0,[r3,#18]
 772 0042 0821     	 movs r1,#8
 773 0044 9B68     	 ldr r3,[r3,#8]
 774 0046 9847     	 blx r3
 775              	.L130:
 776 0048 B700     	 lsls r7,r6,#2
 777 004a 24D5     	 bpl .L136
 778 004c 864D     	 ldr r5,.L242
 779 004e 2B68     	 ldr r3,[r5]
 780 0050 4FF00052 	 mov r2,#536870912
 781 0054 5A61     	 str r2,[r3,#20]
 782 0056 AB7C     	 ldrb r3,[r5,#18]
 783 0058 EBB9     	 cbnz r3,.L136
 784 005a 6C68     	 ldr r4,[r5,#4]
 785 005c 834F     	 ldr r7,.L242+4
 786 005e 04F5E078 	 add r8,r4,#448
 787              	.L139:
 788 0062 FB7E     	 ldrb r3,[r7,#27]
 789 0064 73B1     	 cbz r3,.L138
 790 0066 0023     	 movs r3,#0
 791 0068 FB76     	 strb r3,[r7,#27]
 792 006a 40F2BB73 	 movw r3,#1979
 793 006e A360     	 str r3,[r4,#8]
 794 0070 0223     	 movs r3,#2
 795 0072 E360     	 str r3,[r4,#12]
 796 0074 2368     	 ldr r3,[r4]
 797 0076 43F04043 	 orr r3,r3,#-1073741824
 798 007a 2360     	 str r3,[r4]
 799 007c 2046     	 mov r0,r4
 800 007e EB68     	 ldr r3,[r5,#12]
 801 0080 4021     	 movs r1,#64
 802 0082 9847     	 blx r3
 803              	.L138:
 804 0084 2034     	 adds r4,r4,#32
 805 0086 4445     	 cmp r4,r8
 806 0088 07F12007 	 add r7,r7,#32
 807 008c E9D1     	 bne .L139
 808 008e AB68     	 ldr r3,[r5,#8]
 809 0090 0020     	 movs r0,#0
 810 0092 0221     	 movs r1,#2
 811 0094 9847     	 blx r3
 812              	.L136:
 813 0096 F506     	 lsls r5,r6,#27
 814 0098 40D5     	 bpl .L140
 815 009a 734B     	 ldr r3,.L242
 816 009c 1868     	 ldr r0,[r3]
 817 009e 8369     	 ldr r3,[r0,#24]
 818 00a0 23F01003 	 bic r3,r3,#16
 819 00a4 8361     	 str r3,[r0,#24]
 820 00a6 026A     	 ldr r2,[r0,#32]
 821 00a8 C2F34343 	 ubfx r3,r2,#17,#4
 822 00ac 022B     	 cmp r3,#2
 823 00ae 31D1     	 bne .L141
 824 00b0 47F6F073 	 movw r3,#32752
 825 00b4 02F00F04 	 and r4,r2,#15
 826 00b8 1340     	 ands r3,r3,r2
 827 00ba 6D4A     	 ldr r2,.L242+8
 828 00bc 52F824C0 	 ldr ip,[r2,r4,lsl#2]
 829 00c0 6A4A     	 ldr r2,.L242+4
 830 00c2 6401     	 lsls r4,r4,#5
 831 00c4 1719     	 adds r7,r2,r4
 832 00c6 1D09     	 lsrs r5,r3,#4
 833 00c8 D7F804E0 	 ldr lr,[r7,#4]
 834 00cc F968     	 ldr r1,[r7,#12]
 835 00ce 9B09     	 lsrs r3,r3,#6
 836 00d0 7144     	 add r1,r1,lr
 837 00d2 05F00307 	 and r7,r5,#3
 838 00d6 01EB8303 	 add r3,r1,r3,lsl#2
 839 00da 9046     	 mov r8,r2
 840              	.L142:
 841 00dc 9942     	 cmp r1,r3
 842 00de 04D0     	 beq .L240
 843 00e0 DCF80020 	 ldr r2,[ip]
 844 00e4 41F8042B 	 str r2,[r1],#4
 845 00e8 F8E7     	 b .L142
 846              	.L240:
 847 00ea 47B9     	 cbnz r7,.L144
 848              	.L146:
 849 00ec 08EB0403 	 add r3,r8,r4
 850 00f0 1A69     	 ldr r2,[r3,#16]
 851 00f2 2A44     	 add r2,r2,r5
 852 00f4 1A61     	 str r2,[r3,#16]
 853 00f6 DA68     	 ldr r2,[r3,#12]
 854 00f8 1544     	 add r5,r5,r2
 855 00fa DD60     	 str r5,[r3,#12]
 856 00fc 0AE0     	 b .L141
 857              	.L144:
 858 00fe DCF80010 	 ldr r1,[ip]
 859 0102 03EB070E 	 add lr,r3,r7
 860              	.L145:
 861 0106 03F8011B 	 strb r1,[r3],#1
 862 010a 7345     	 cmp r3,lr
 863 010c 4FEA1121 	 lsr r1,r1,#8
 864 0110 F9D1     	 bne .L145
 865 0112 EBE7     	 b .L146
 866              	.L141:
 867 0114 8369     	 ldr r3,[r0,#24]
 868 0116 43F01003 	 orr r3,r3,#16
 869 011a 8361     	 str r3,[r0,#24]
 870              	.L140:
 871 011c 3407     	 lsls r4,r6,#28
 872 011e 02D4     	 bmi .L147
 873              	.L154:
 874 0120 B001     	 lsls r0,r6,#6
 875 0122 19D4     	 bmi .L148
 876 0124 27E0     	 b .L149
 877              	.L147:
 878 0126 504B     	 ldr r3,.L242
 879 0128 1B68     	 ldr r3,[r3]
 880 012a 0822     	 movs r2,#8
 881 012c 5A61     	 str r2,[r3,#20]
 882 012e 4F4B     	 ldr r3,.L242+4
 883              	.L153:
 884 0130 598B     	 ldrh r1,[r3,#26]
 885 0132 40F20312 	 movw r2,#259
 886 0136 9142     	 cmp r1,r2
 887 0138 09D1     	 bne .L151
 888 013a 1A8B     	 ldrh r2,[r3,#24]
 889 013c 3AB1     	 cbz r2,.L151
 890 013e 013A     	 subs r2,r2,#1
 891 0140 92B2     	 uxth r2,r2
 892 0142 1A83     	 strh r2,[r3,#24]
 893 0144 1AB9     	 cbnz r2,.L151
 894 0146 DA8A     	 ldrh r2,[r3,#22]
 895 0148 1A83     	 strh r2,[r3,#24]
 896 014a 0122     	 movs r2,#1
 897 014c 5A77     	 strb r2,[r3,#29]
 898              	.L151:
 899 014e 494A     	 ldr r2,.L242+12
 900 0150 2033     	 adds r3,r3,#32
 901 0152 9342     	 cmp r3,r2
 902 0154 ECD1     	 bne .L153
 903 0156 E3E7     	 b .L154
 904              	.L148:
 905 0158 434F     	 ldr r7,.L242
 906 015a 474C     	 ldr r4,.L242+16
 907 015c 3B68     	 ldr r3,[r7]
 908 015e D3F81484 	 ldr r8,[r3,#1044]
 909 0162 0025     	 movs r5,#0
 910              	.L170:
 911 0164 28FA05F3 	 lsr r3,r8,r5
 912 0168 D907     	 lsls r1,r3,#31
 913 016a 15D4     	 bmi .L241
 914              	.L157:
 915 016c 0135     	 adds r5,r5,#1
 916 016e 0E2D     	 cmp r5,#14
 917 0170 04F12004 	 add r4,r4,#32
 918 0174 F6D1     	 bne .L170
 919              	.L149:
 920 0176 002E     	 cmp r6,#0
 921 0178 80F21181 	 bge .L156
 922 017c 3A4B     	 ldr r3,.L242
 923 017e 1A68     	 ldr r2,[r3]
 924 0180 9B68     	 ldr r3,[r3,#8]
 925 0182 4FF00041 	 mov r1,#-2147483648
 926 0186 5161     	 str r1,[r2,#20]
 927 0188 4FF48071 	 mov r1,#256
 928 018c C2F8001E 	 str r1,[r2,#3584]
 929 0190 0020     	 movs r0,#0
 930 0192 4021     	 movs r1,#64
 931 0194 9847     	 blx r3
 932 0196 02E1     	 b .L156
 933              	.L241:
 934 0198 0123     	 movs r3,#1
 935 019a AB40     	 lsls r3,r3,r5
 936 019c D7F804E0 	 ldr lr,[r7,#4]
 937 01a0 28EA0308 	 bic r8,r8,r3
 938 01a4 6B01     	 lsls r3,r5,#5
 939 01a6 0EEB0300 	 add r0,lr,r3
 940 01aa 8268     	 ldr r2,[r0,#8]
 941 01ac C168     	 ldr r1,[r0,#12]
 942 01ae 1140     	 ands r1,r1,r2
 943 01b0 8A07     	 lsls r2,r1,#30
 944 01b2 41BF     	 itttt mi
 945 01b4 0021     	 movmi r1,#0
 946 01b6 40F2BB72 	 movwmi r2,#1979
 947 01ba C160     	 strmi r1,[r0,#12]
 948 01bc 8260     	 strmi r2,[r0,#8]
 949 01be 48BF     	 it mi
 950 01c0 A170     	 strbmi r1,[r4,#2]
 951 01c2 CA07     	 lsls r2,r1,#31
 952 01c4 2ED5     	 bpl .L159
 953 01c6 40F2BB72 	 movw r2,#1979
 954 01ca 8260     	 str r2,[r0,#8]
 955 01cc 5EF80320 	 ldr r2,[lr,r3]
 956 01d0 12F4004C 	 ands ip,r2,#32768
 957 01d4 16D1     	 bne .L160
 958 01d6 C0F80CC0 	 str ip,[r0,#12]
 959 01da 54F80A1C 	 ldr r1,[r4,#-10]
 960 01de 54F80E2C 	 ldr r2,[r4,#-14]
 961 01e2 84F802C0 	 strb ip,[r4,#2]
 962 01e6 0A44     	 add r2,r2,r1
 963 01e8 54F8121C 	 ldr r1,[r4,#-18]
 964 01ec 44F80E2C 	 str r2,[r4,#-14]
 965 01f0 8A42     	 cmp r2,r1
 966 01f2 08BF     	 it eq
 967 01f4 0122     	 moveq r2,#1
 968 01f6 44F80ACC 	 str ip,[r4,#-10]
 969 01fa 04BF     	 itt eq
 970 01fc 84F801C0 	 strbeq ip,[r4,#1]
 971 0200 2271     	 strbeq r2,[r4,#4]
 972 0202 6146     	 mov r1,ip
 973              	.L160:
 974 0204 5EF80320 	 ldr r2,[lr,r3]
 975 0208 1204     	 lsls r2,r2,#16
 976 020a 0BD5     	 bpl .L159
 977 020c 0022     	 movs r2,#0
 978 020e 6270     	 strb r2,[r4,#1]
 979 0210 0122     	 movs r2,#1
 980 0212 2271     	 strb r2,[r4,#4]
 981 0214 0222     	 movs r2,#2
 982 0216 C260     	 str r2,[r0,#12]
 983 0218 5EF80320 	 ldr r2,[lr,r3]
 984 021c 42F04042 	 orr r2,r2,#-1073741824
 985 0220 4EF80320 	 str r2,[lr,r3]
 986              	.L159:
 987 0224 8A06     	 lsls r2,r1,#26
 988 0226 34D5     	 bpl .L161
 989 0228 2022     	 movs r2,#32
 990 022a 8260     	 str r2,[r0,#8]
 991 022c 134A     	 ldr r2,.L242+20
 992 022e 0021     	 movs r1,#0
 993 0230 A954     	 strb r1,[r5,r2]
 994 0232 5EF80320 	 ldr r2,[lr,r3]
 995 0236 12F40042 	 ands r2,r2,#32768
 996 023a 21D0     	 beq .L162
 997 023c 54F80E9C 	 ldr r9,[r4,#-14]
 998 0240 54F8122C 	 ldr r2,[r4,#-18]
 999 0244 4A45     	 cmp r2,r9
 1000 0246 24D0     	 beq .L161
 1001 0248 54F80A2C 	 ldr r2,[r4,#-10]
 1002 024c 02B3     	 cbz r2,.L181
 1003 024e 34F8062C 	 ldrh r2,[r4,#-6]
 1004 0252 B9FBF2FC 	 udiv ip,r9,r2
 1005 0256 02FB1C92 	 mls r2,r2,ip,r9
 1006 025a D2B9     	 cbnz r2,.L161
 1007 025c 5EF80310 	 ldr r1,[lr,r3]
 1008 0260 41F00041 	 orr r1,r1,#-2147483648
 1009 0264 12E0     	 b .L239
 1010              	.L243:
 1011 0266 00BF     	 .align 2
 1012              	.L242:
 1013 0268 00000000 	 .word .LANCHOR1
 1014 026c 00000000 	 .word pipe
 1015 0270 00000000 	 .word .LANCHOR4
 1016 0274 C0010000 	 .word pipe+448
 1017 0278 1A000000 	 .word pipe+26
 1018 027c 00000000 	 .word is_nack
 1019              	.L162:
 1020 0280 0221     	 movs r1,#2
 1021 0282 C160     	 str r1,[r0,#12]
 1022 0284 5EF80310 	 ldr r1,[lr,r3]
 1023 0288 41F04041 	 orr r1,r1,#-1073741824
 1024              	.L239:
 1025 028c 4EF80310 	 str r1,[lr,r3]
 1026              	.L181:
 1027 0290 1146     	 mov r1,r2
 1028              	.L161:
 1029 0292 11F4F36F 	 tst r1,#1944
 1030 0296 5EF80320 	 ldr r2,[lr,r3]
 1031 029a 19D0     	 beq .L163
 1032 029c 1204     	 lsls r2,r2,#16
 1033 029e 17D4     	 bmi .L163
 1034 02a0 0269     	 ldr r2,[r0,#16]
 1035 02a2 5EF80390 	 ldr r9,[lr,r3]
 1036 02a6 54F80AAC 	 ldr r10,[r4,#-10]
 1037 02aa C9F30A09 	 ubfx r9,r9,#0,#11
 1038 02ae CA45     	 cmp r10,r9
 1039 02b0 0BD3     	 bcc .L164
 1040 02b2 C2F3C94C 	 ubfx ip,r2,#19,#10
 1041 02b6 BCF1000F 	 cmp ip,#0
 1042 02ba 06D0     	 beq .L164
 1043 02bc 54F80E2C 	 ldr r2,[r4,#-14]
 1044 02c0 5244     	 add r2,r2,r10
 1045 02c2 09FB1C22 	 mls r2,r9,ip,r2
 1046 02c6 44F80E2C 	 str r2,[r4,#-14]
 1047              	.L164:
 1048 02ca 0022     	 movs r2,#0
 1049 02cc 44F80A2C 	 str r2,[r4,#-10]
 1050              	.L163:
 1051 02d0 CA06     	 lsls r2,r1,#27
 1052 02d2 27D5     	 bpl .L165
 1053 02d4 514A     	 ldr r2,.L244
 1054 02d6 0121     	 movs r1,#1
 1055 02d8 A954     	 strb r1,[r5,r2]
 1056 02da 2279     	 ldrb r2,[r4,#4]
 1057 02dc 42F00202 	 orr r2,r2,#2
 1058 02e0 2271     	 strb r2,[r4,#4]
 1059 02e2 1022     	 movs r2,#16
 1060 02e4 8260     	 str r2,[r0,#8]
 1061 02e6 5EF80310 	 ldr r1,[lr,r3]
 1062 02ea 11F40041 	 ands r1,r1,#32768
 1063 02ee 11D0     	 beq .L166
 1064 02f0 2278     	 ldrb r2,[r4]
 1065 02f2 032A     	 cmp r2,#3
 1066 02f4 03BF     	 ittte eq
 1067 02f6 0222     	 moveq r2,#2
 1068 02f8 C260     	 streq r2,[r0,#12]
 1069 02fa 5EF80320 	 ldreq r2,[lr,r3]
 1070 02fe 5EF80320 	 ldrne r2,[lr,r3]
 1071 0302 0CBF     	 ite eq
 1072 0304 42F04042 	 orreq r2,r2,#-1073741824
 1073 0308 42F00042 	 orrne r2,r2,#-2147483648
 1074 030c 4EF80320 	 str r2,[lr,r3]
 1075 0310 0021     	 movs r1,#0
 1076 0312 07E0     	 b .L165
 1077              	.L166:
 1078 0314 0222     	 movs r2,#2
 1079 0316 C260     	 str r2,[r0,#12]
 1080 0318 5EF80320 	 ldr r2,[lr,r3]
 1081 031c 42F04042 	 orr r2,r2,#-1073741824
 1082 0320 4EF80320 	 str r2,[lr,r3]
 1083              	.L165:
 1084 0324 0A07     	 lsls r2,r1,#28
 1085 0326 15D5     	 bpl .L168
 1086 0328 0822     	 movs r2,#8
 1087 032a 8260     	 str r2,[r0,#8]
 1088 032c 54F81A2C 	 ldr r2,[r4,#-26]
 1089 0330 22F0F002 	 bic r2,r2,#240
 1090 0334 42F01002 	 orr r2,r2,#16
 1091 0338 44F81A2C 	 str r2,[r4,#-26]
 1092 033c 1022     	 movs r2,#16
 1093 033e 2271     	 strb r2,[r4,#4]
 1094 0340 0021     	 movs r1,#0
 1095 0342 0222     	 movs r2,#2
 1096 0344 6170     	 strb r1,[r4,#1]
 1097 0346 C260     	 str r2,[r0,#12]
 1098 0348 5EF80320 	 ldr r2,[lr,r3]
 1099 034c 42F04042 	 orr r2,r2,#-1073741824
 1100 0350 4EF80320 	 str r2,[lr,r3]
 1101              	.L168:
 1102 0354 11F4F06F 	 tst r1,#1920
 1103 0358 0ED0     	 beq .L169
 1104 035a 4FF4F062 	 mov r2,#1920
 1105 035e 8260     	 str r2,[r0,#8]
 1106 0360 0022     	 movs r2,#0
 1107 0362 6270     	 strb r2,[r4,#1]
 1108 0364 4022     	 movs r2,#64
 1109 0366 2271     	 strb r2,[r4,#4]
 1110 0368 0222     	 movs r2,#2
 1111 036a C260     	 str r2,[r0,#12]
 1112 036c 5EF80320 	 ldr r2,[lr,r3]
 1113 0370 42F04042 	 orr r2,r2,#-1073741824
 1114 0374 4EF80320 	 str r2,[lr,r3]
 1115              	.L169:
 1116 0378 A378     	 ldrb r3,[r4,#2]
 1117 037a 002B     	 cmp r3,#0
 1118 037c 7FF4F6AE 	 bne .L157
 1119 0380 94F80190 	 ldrb r9,[r4,#1]
 1120 0384 B9F1000F 	 cmp r9,#0
 1121 0388 7FF4F0AE 	 bne .L157
 1122 038c 2179     	 ldrb r1,[r4,#4]
 1123 038e 0029     	 cmp r1,#0
 1124 0390 3FF4ECAE 	 beq .L157
 1125 0394 FB68     	 ldr r3,[r7,#12]
 1126 0396 9847     	 blx r3
 1127 0398 84F80490 	 strb r9,[r4,#4]
 1128 039c E6E6     	 b .L157
 1129              	.L156:
 1130 039e 204C     	 ldr r4,.L244+4
 1131 03a0 0025     	 movs r5,#0
 1132              	.L177:
 1133 03a2 14F8053C 	 ldrb r3,[r4,#-5]
 1134 03a6 012B     	 cmp r3,#1
 1135 03a8 A4F12000 	 sub r0,r4,#32
 1136 03ac 2AD1     	 bne .L171
 1137 03ae 14F8042C 	 ldrb r2,[r4,#-4]
 1138 03b2 3ABB     	 cbnz r2,.L171
 1139 03b4 14F8063C 	 ldrb r3,[r4,#-6]
 1140 03b8 032B     	 cmp r3,#3
 1141 03ba 2AD0     	 beq .L172
 1142 03bc 174B     	 ldr r3,.L244
 1143 03be E95C     	 ldrb r1,[r5,r3]
 1144 03c0 99B9     	 cbnz r1,.L173
 1145 03c2 54F8203C 	 ldr r3,[r4,#-32]
 1146 03c6 03F0F002 	 and r2,r3,#240
 1147 03ca 102A     	 cmp r2,#16
 1148 03cc 06D0     	 beq .L175
 1149 03ce 202A     	 cmp r2,#32
 1150 03d0 0CD1     	 bne .L178
 1151 03d2 23F0F003 	 bic r3,r3,#240
 1152 03d6 43F01003 	 orr r3,r3,#16
 1153 03da 03E0     	 b .L238
 1154              	.L175:
 1155 03dc 23F0F003 	 bic r3,r3,#240
 1156 03e0 43F02003 	 orr r3,r3,#32
 1157              	.L238:
 1158 03e4 44F8203C 	 str r3,[r4,#-32]
 1159 03e8 00E0     	 b .L178
 1160              	.L173:
 1161 03ea EA54     	 strb r2,[r5,r3]
 1162              	.L178:
 1163 03ec 0023     	 movs r3,#0
 1164 03ee 04F8033C 	 strb r3,[r4,#-3]
 1165 03f2 0123     	 movs r3,#1
 1166 03f4 04F8043C 	 strb r3,[r4,#-4]
 1167 03f8 0A4B     	 ldr r3,.L244+8
 1168 03fa 5968     	 ldr r1,[r3,#4]
 1169 03fc 01EB4511 	 add r1,r1,r5,lsl#5
 1170 0400 FFF7FEFF 	 bl XMC_lStartTransfer
 1171              	.L171:
 1172 0404 0135     	 adds r5,r5,#1
 1173 0406 0E2D     	 cmp r5,#14
 1174 0408 04F12004 	 add r4,r4,#32
 1175 040c C9D1     	 bne .L177
 1176 040e BDE8F087 	 pop {r4,r5,r6,r7,r8,r9,r10,pc}
 1177              	.L172:
 1178 0412 14F8033C 	 ldrb r3,[r4,#-3]
 1179 0416 012B     	 cmp r3,#1
 1180 0418 F4D1     	 bne .L171
 1181 041a E7E7     	 b .L178
 1182              	.L245:
 1183              	 .align 2
 1184              	.L244:
 1185 041c 00000000 	 .word is_nack
 1186 0420 20000000 	 .word pipe+32
 1187 0424 00000000 	 .word .LANCHOR1
 1189              	 .section .text.XMC_USBH_GetInterruptStatus,"ax",%progbits
 1190              	 .align 1
 1191              	 .global XMC_USBH_GetInterruptStatus
 1192              	 .thumb
 1193              	 .thumb_func
 1195              	XMC_USBH_GetInterruptStatus:
 1196              	 
 1197              	 
 1198              	 
 1199 0000 014B     	 ldr r3,.L247
 1200 0002 1B68     	 ldr r3,[r3]
 1201 0004 5869     	 ldr r0,[r3,#20]
 1202 0006 7047     	 bx lr
 1203              	.L248:
 1204              	 .align 2
 1205              	.L247:
 1206 0008 00000000 	 .word .LANCHOR1
 1208              	 .section .text.XMC_USBH_Select_VBUS,"ax",%progbits
 1209              	 .align 1
 1210              	 .global XMC_USBH_Select_VBUS
 1211              	 .thumb
 1212              	 .thumb_func
 1214              	XMC_USBH_Select_VBUS:
 1215              	 
 1216              	 
 1217              	 
 1218 0000 034B     	 ldr r3,.L250
 1219 0002 1860     	 str r0,[r3]
 1220 0004 034B     	 ldr r3,.L250+4
 1221 0006 8822     	 movs r2,#136
 1222 0008 1960     	 str r1,[r3]
 1223 000a C9B2     	 uxtb r1,r1
 1224 000c FFF7FEBF 	 b XMC_GPIO_SetMode
 1225              	.L251:
 1226              	 .align 2
 1227              	.L250:
 1228 0010 00000000 	 .word .LANCHOR2
 1229 0014 00000000 	 .word .LANCHOR3
 1231              	 .section .text.XMC_USBH_TurnOffResumeBit,"ax",%progbits
 1232              	 .align 1
 1233              	 .global XMC_USBH_TurnOffResumeBit
 1234              	 .thumb
 1235              	 .thumb_func
 1237              	XMC_USBH_TurnOffResumeBit:
 1238              	 
 1239              	 
 1240              	 
 1241 0000 044B     	 ldr r3,.L253
 1242 0002 1A68     	 ldr r2,[r3]
 1243 0004 D2F84034 	 ldr r3,[r2,#1088]
 1244 0008 23F04403 	 bic r3,r3,#68
 1245 000c C2F84034 	 str r3,[r2,#1088]
 1246 0010 7047     	 bx lr
 1247              	.L254:
 1248 0012 00BF     	 .align 2
 1249              	.L253:
 1250 0014 00000000 	 .word .LANCHOR1
 1252              	 .section .text.XMC_USBH_osDelay,"ax",%progbits
 1253              	 .align 1
 1254              	 .weak XMC_USBH_osDelay
 1255              	 .thumb
 1256              	 .thumb_func
 1258              	XMC_USBH_osDelay:
 1259              	 
 1260              	 
 1261              	 
 1262              	.L256:
 1263 0000 FEE7     	 b .L256
 1265              	 .section .text.XMC_USBH_PipeTransferAbort,"ax",%progbits
 1266              	 .align 1
 1267              	 .thumb
 1268              	 .thumb_func
 1270              	XMC_USBH_PipeTransferAbort:
 1271              	 
 1272              	 
 1273 0000 38B5     	 push {r3,r4,r5,lr}
 1274 0002 1E4B     	 ldr r3,.L272
 1275 0004 5A7C     	 ldrb r2,[r3,#17]
 1276 0006 0446     	 mov r4,r0
 1277 0008 12B9     	 cbnz r2,.L258
 1278              	.L260:
 1279 000a 4FF0FF30 	 mov r0,#-1
 1280 000e 38BD     	 pop {r3,r4,r5,pc}
 1281              	.L258:
 1282 0010 0028     	 cmp r0,#0
 1283 0012 30D0     	 beq .L264
 1284 0014 5B68     	 ldr r3,[r3,#4]
 1285 0016 1A4A     	 ldr r2,.L272+4
 1286 0018 C31A     	 subs r3,r0,r3
 1287 001a 23F01F03 	 bic r3,r3,#31
 1288 001e 1344     	 add r3,r3,r2
 1289 0020 DA78     	 ldrb r2,[r3,#3]
 1290 0022 002A     	 cmp r2,#0
 1291 0024 F1D0     	 beq .L260
 1292 0026 0022     	 movs r2,#0
 1293 0028 DA70     	 strb r2,[r3,#3]
 1294 002a 8068     	 ldr r0,[r0,#8]
 1295 002c 10F00205 	 ands r5,r0,#2
 1296 0030 EBD1     	 bne .L260
 1297 0032 2368     	 ldr r3,[r4]
 1298 0034 9342     	 cmp r3,r2
 1299 0036 E8DA     	 bge .L260
 1300 0038 E560     	 str r5,[r4,#12]
 1301 003a 0120     	 movs r0,#1
 1302 003c FFF7FEFF 	 bl XMC_USBH_osDelay
 1303 0040 A368     	 ldr r3,[r4,#8]
 1304 0042 13F0100F 	 tst r3,#16
 1305 0046 40F2BB73 	 movw r3,#1979
 1306 004a A360     	 str r3,[r4,#8]
 1307 004c 01D0     	 beq .L261
 1308 004e 2846     	 mov r0,r5
 1309 0050 38BD     	 pop {r3,r4,r5,pc}
 1310              	.L261:
 1311 0052 2368     	 ldr r3,[r4]
 1312 0054 43F04043 	 orr r3,r3,#-1073741824
 1313 0058 2360     	 str r3,[r4]
 1314 005a 4FF0FF30 	 mov r0,#-1
 1315 005e 41F28833 	 movw r3,#5000
 1316              	.L263:
 1317 0062 A268     	 ldr r2,[r4,#8]
 1318 0064 9207     	 lsls r2,r2,#30
 1319 0066 42BF     	 ittt mi
 1320 0068 40F2BB72 	 movwmi r2,#1979
 1321 006c A260     	 strmi r2,[r4,#8]
 1322 006e 0020     	 movmi r0,#0
 1323 0070 013B     	 subs r3,r3,#1
 1324 0072 F6D1     	 bne .L263
 1325 0074 38BD     	 pop {r3,r4,r5,pc}
 1326              	.L264:
 1327 0076 6FF00400 	 mvn r0,#4
 1328 007a 38BD     	 pop {r3,r4,r5,pc}
 1329              	.L273:
 1330              	 .align 2
 1331              	.L272:
 1332 007c 00000000 	 .word .LANCHOR1
 1333 0080 18000000 	 .word pipe+24
 1335              	 .section .text.XMC_USBH_PortResume,"ax",%progbits
 1336              	 .align 1
 1337              	 .thumb
 1338              	 .thumb_func
 1340              	XMC_USBH_PortResume:
 1341              	 
 1342              	 
 1343 0000 38B5     	 push {r3,r4,r5,lr}
 1344 0002 124D     	 ldr r5,.L278
 1345 0004 6B7C     	 ldrb r3,[r5,#17]
 1346 0006 0446     	 mov r4,r0
 1347 0008 CBB1     	 cbz r3,.L276
 1348 000a D8B9     	 cbnz r0,.L277
 1349 000c 2A68     	 ldr r2,[r5]
 1350 000e 4FF48073 	 mov r3,#256
 1351 0012 C2F8003E 	 str r3,[r2,#3584]
 1352 0016 D2F84034 	 ldr r3,[r2,#1088]
 1353 001a 23F00403 	 bic r3,r3,#4
 1354 001e 43F04003 	 orr r3,r3,#64
 1355 0022 C2F84034 	 str r3,[r2,#1088]
 1356 0026 1420     	 movs r0,#20
 1357 0028 FFF7FEFF 	 bl XMC_USBH_osDelay
 1358 002c 2A68     	 ldr r2,[r5]
 1359 002e D2F84034 	 ldr r3,[r2,#1088]
 1360 0032 23F04403 	 bic r3,r3,#68
 1361 0036 C2F84034 	 str r3,[r2,#1088]
 1362 003a 2046     	 mov r0,r4
 1363 003c 38BD     	 pop {r3,r4,r5,pc}
 1364              	.L276:
 1365 003e 4FF0FF30 	 mov r0,#-1
 1366 0042 38BD     	 pop {r3,r4,r5,pc}
 1367              	.L277:
 1368 0044 6FF00400 	 mvn r0,#4
 1369 0048 38BD     	 pop {r3,r4,r5,pc}
 1370              	.L279:
 1371 004a 00BF     	 .align 2
 1372              	.L278:
 1373 004c 00000000 	 .word .LANCHOR1
 1375              	 .section .text.XMC_USBH_PortReset,"ax",%progbits
 1376              	 .align 1
 1377              	 .thumb
 1378              	 .thumb_func
 1380              	XMC_USBH_PortReset:
 1381              	 
 1382              	 
 1383 0000 70B5     	 push {r4,r5,r6,lr}
 1384 0002 164C     	 ldr r4,.L291
 1385 0004 637C     	 ldrb r3,[r4,#17]
 1386 0006 2BB3     	 cbz r3,.L284
 1387 0008 2268     	 ldr r2,[r4]
 1388 000a D2F84054 	 ldr r5,[r2,#1088]
 1389 000e 0123     	 movs r3,#1
 1390 0010 A374     	 strb r3,[r4,#18]
 1391 0012 25F00403 	 bic r3,r5,#4
 1392 0016 43F48073 	 orr r3,r3,#256
 1393 001a 0028     	 cmp r0,#0
 1394 001c C2F84034 	 str r3,[r2,#1088]
 1395 0020 4FF03200 	 mov r0,#50
 1396 0024 0CBF     	 ite eq
 1397 0026 0026     	 moveq r6,#0
 1398 0028 6FF00406 	 mvnne r6,#4
 1399 002c FFF7FEFF 	 bl XMC_USBH_osDelay
 1400 0030 2368     	 ldr r3,[r4]
 1401 0032 25F48275 	 bic r5,r5,#260
 1402 0036 C3F84054 	 str r5,[r3,#1088]
 1403 003a 3220     	 movs r0,#50
 1404 003c FFF7FEFF 	 bl XMC_USBH_osDelay
 1405 0040 2268     	 ldr r2,[r4]
 1406              	.L283:
 1407 0042 D2F84034 	 ldr r3,[r2,#1088]
 1408 0046 5B07     	 lsls r3,r3,#29
 1409 0048 FBD5     	 bpl .L283
 1410 004a A37C     	 ldrb r3,[r4,#18]
 1411 004c 23B1     	 cbz r3,.L281
 1412 004e 034B     	 ldr r3,.L291
 1413 0050 0022     	 movs r2,#0
 1414 0052 9A74     	 strb r2,[r3,#18]
 1415              	.L284:
 1416 0054 4FF0FF36 	 mov r6,#-1
 1417              	.L281:
 1418 0058 3046     	 mov r0,r6
 1419 005a 70BD     	 pop {r4,r5,r6,pc}
 1420              	.L292:
 1421              	 .align 2
 1422              	.L291:
 1423 005c 00000000 	 .word .LANCHOR1
 1425              	 .section .text.XMC_USBH_PowerControl,"ax",%progbits
 1426              	 .align 1
 1427              	 .thumb
 1428              	 .thumb_func
 1430              	XMC_USBH_PowerControl:
 1431              	 
 1432              	 
 1433 0000 38B5     	 push {r3,r4,r5,lr}
 1434 0002 0446     	 mov r4,r0
 1435 0004 10B1     	 cbz r0,.L295
 1436 0006 0228     	 cmp r0,#2
 1437 0008 29D0     	 beq .L296
 1438 000a 96E0     	 b .L309
 1439              	.L295:
 1440 000c 4F4B     	 ldr r3,.L310
 1441 000e 4FF40062 	 mov r2,#2048
 1442 0012 C3F88C20 	 str r2,[r3,#140]
 1443              	
 1444 0016 BFF34F8F 	 dsb 0xF
 1445              	
 1446              	
 1447 001a BFF36F8F 	 isb 0xF
 1448              	
 1449              	 .thumb
 1450 001e 4C4D     	 ldr r5,.L310+4
 1451 0020 C3F88C21 	 str r2,[r3,#396]
 1452 0024 2A68     	 ldr r2,[r5]
 1453 0026 6874     	 strb r0,[r5,#17]
 1454 0028 9368     	 ldr r3,[r2,#8]
 1455 002a 4A48     	 ldr r0,.L310+8
 1456 002c 23F00103 	 bic r3,r3,#1
 1457 0030 9360     	 str r3,[r2,#8]
 1458 0032 FFF7FEFF 	 bl XMC_SCU_CLOCK_GatePeripheralClock
 1459 0036 2A68     	 ldr r2,[r5]
 1460 0038 D2F8003E 	 ldr r3,[r2,#3584]
 1461 003c 43F00103 	 orr r3,r3,#1
 1462 0040 C2F8003E 	 str r3,[r2,#3584]
 1463 0044 FFF7FEFF 	 bl XMC_SCU_POWER_DisableUsb
 1464 0048 4248     	 ldr r0,.L310+8
 1465 004a FFF7FEFF 	 bl XMC_SCU_RESET_AssertPeripheralReset
 1466 004e 2146     	 mov r1,r4
 1467 0050 4FF4E072 	 mov r2,#448
 1468 0054 4048     	 ldr r0,.L310+12
 1469 0056 AC74     	 strb r4,[r5,#18]
 1470 0058 FFF7FEFF 	 bl memset
 1471 005c 73E0     	 b .L302
 1472              	.L296:
 1473 005e 3C4D     	 ldr r5,.L310+4
 1474 0060 2B7C     	 ldrb r3,[r5,#16]
 1475 0062 002B     	 cmp r3,#0
 1476 0064 6CD0     	 beq .L301
 1477 0066 6B7C     	 ldrb r3,[r5,#17]
 1478 0068 022B     	 cmp r3,#2
 1479 006a 6CD0     	 beq .L302
 1480 006c 3948     	 ldr r0,.L310+8
 1481 006e FFF7FEFF 	 bl XMC_SCU_CLOCK_UngatePeripheralClock
 1482 0072 2046     	 mov r0,r4
 1483 0074 FFF7FEFF 	 bl XMC_USBH_osDelay
 1484 0078 3648     	 ldr r0,.L310+8
 1485 007a FFF7FEFF 	 bl XMC_SCU_RESET_DeassertPeripheralReset
 1486 007e 2046     	 mov r0,r4
 1487 0080 FFF7FEFF 	 bl XMC_USBH_osDelay
 1488 0084 6420     	 movs r0,#100
 1489 0086 FFF7FEFF 	 bl XMC_USBH_osDelay
 1490 008a FFF7FEFF 	 bl XMC_SCU_POWER_EnableUsb
 1491 008e 2B68     	 ldr r3,[r5]
 1492 0090 D3F8002E 	 ldr r2,[r3,#3584]
 1493 0094 22F00102 	 bic r2,r2,#1
 1494 0098 C3F8002E 	 str r2,[r3,#3584]
 1495 009c DA68     	 ldr r2,[r3,#12]
 1496 009e 42F04002 	 orr r2,r2,#64
 1497 00a2 DA60     	 str r2,[r3,#12]
 1498              	.L297:
 1499 00a4 1A69     	 ldr r2,[r3,#16]
 1500 00a6 002A     	 cmp r2,#0
 1501 00a8 FCDA     	 bge .L297
 1502 00aa 1A69     	 ldr r2,[r3,#16]
 1503 00ac 42F00102 	 orr r2,r2,#1
 1504 00b0 1A61     	 str r2,[r3,#16]
 1505              	.L298:
 1506 00b2 1C69     	 ldr r4,[r3,#16]
 1507 00b4 14F00104 	 ands r4,r4,#1
 1508 00b8 FBD1     	 bne .L298
 1509 00ba 6420     	 movs r0,#100
 1510 00bc FFF7FEFF 	 bl XMC_USBH_osDelay
 1511 00c0 4FF4E072 	 mov r2,#448
 1512 00c4 2448     	 ldr r0,.L310+12
 1513 00c6 AC74     	 strb r4,[r5,#18]
 1514 00c8 2146     	 mov r1,r4
 1515 00ca FFF7FEFF 	 bl memset
 1516 00ce 2B68     	 ldr r3,[r5]
 1517 00d0 DA68     	 ldr r2,[r3,#12]
 1518 00d2 02F0C042 	 and r2,r2,#1610612736
 1519 00d6 B2F1005F 	 cmp r2,#536870912
 1520 00da 0AD0     	 beq .L299
 1521 00dc DA68     	 ldr r2,[r3,#12]
 1522 00de 22F08042 	 bic r2,r2,#1073741824
 1523 00e2 DA60     	 str r2,[r3,#12]
 1524 00e4 DA68     	 ldr r2,[r3,#12]
 1525 00e6 42F00052 	 orr r2,r2,#536870912
 1526 00ea DA60     	 str r2,[r3,#12]
 1527 00ec 6420     	 movs r0,#100
 1528 00ee FFF7FEFF 	 bl XMC_USBH_osDelay
 1529              	.L299:
 1530 00f2 2B68     	 ldr r3,[r5]
 1531 00f4 D3F80024 	 ldr r2,[r3,#1024]
 1532 00f8 42F40172 	 orr r2,r2,#516
 1533 00fc C3F80024 	 str r2,[r3,#1024]
 1534 0100 4FF48D72 	 mov r2,#282
 1535 0104 5A62     	 str r2,[r3,#36]
 1536 0106 02F58012 	 add r2,r2,#1048576
 1537 010a 9A62     	 str r2,[r3,#40]
 1538 010c 134A     	 ldr r2,.L310+16
 1539 010e C3F80021 	 str r2,[r3,#256]
 1540 0112 43F6FF72 	 movw r2,#16383
 1541 0116 C3F81824 	 str r2,[r3,#1048]
 1542 011a 114A     	 ldr r2,.L310+20
 1543 011c 9A61     	 str r2,[r3,#24]
 1544 011e 0222     	 movs r2,#2
 1545 0120 6A74     	 strb r2,[r5,#17]
 1546 0122 9A68     	 ldr r2,[r3,#8]
 1547 0124 42F00102 	 orr r2,r2,#1
 1548 0128 9A60     	 str r2,[r3,#8]
 1549 012a 084B     	 ldr r3,.L310
 1550 012c 0020     	 movs r0,#0
 1551 012e 83F86B03 	 strb r0,[r3,#875]
 1552 0132 4FF40062 	 mov r2,#2048
 1553 0136 DA60     	 str r2,[r3,#12]
 1554 0138 38BD     	 pop {r3,r4,r5,pc}
 1555              	.L309:
 1556 013a 6FF00300 	 mvn r0,#3
 1557 013e 38BD     	 pop {r3,r4,r5,pc}
 1558              	.L301:
 1559 0140 4FF0FF30 	 mov r0,#-1
 1560 0144 38BD     	 pop {r3,r4,r5,pc}
 1561              	.L302:
 1562 0146 0020     	 movs r0,#0
 1563 0148 38BD     	 pop {r3,r4,r5,pc}
 1564              	.L311:
 1565 014a 00BF     	 .align 2
 1566              	.L310:
 1567 014c 00E100E0 	 .word -536813312
 1568 0150 00000000 	 .word .LANCHOR1
 1569 0154 80000020 	 .word 536871040
 1570 0158 00000000 	 .word pipe
 1571 015c 2A010001 	 .word 16777514
 1572 0160 180000A3 	 .word -1560281064
 1574              	 .section .text.XMC_USBH_Uninitialize,"ax",%progbits
 1575              	 .align 1
 1576              	 .thumb
 1577              	 .thumb_func
 1579              	XMC_USBH_Uninitialize:
 1580              	 
 1581              	 
 1582 0000 10B5     	 push {r4,lr}
 1583 0002 044B     	 ldr r3,.L313
 1584 0004 0024     	 movs r4,#0
 1585 0006 2046     	 mov r0,r4
 1586 0008 1C74     	 strb r4,[r3,#16]
 1587 000a FFF7FEFF 	 bl XMC_USBH_PowerControl
 1588 000e 2046     	 mov r0,r4
 1589 0010 10BD     	 pop {r4,pc}
 1590              	.L314:
 1591 0012 00BF     	 .align 2
 1592              	.L313:
 1593 0014 00000000 	 .word .LANCHOR1
 1595              	 .global Driver_USBH0
 1596              	 .comm pipe,448,4
 1597              	 .comm is_nack,14,1
 1598              	 .global VBUS_pin
 1599              	 .global VBUS_port
 1600              	 .section .data.XMC_USBH0_device,"aw",%progbits
 1601              	 .align 2
 1602              	 .set .LANCHOR1,.+0
 1605              	XMC_USBH0_device:
 1606 0000 00000450 	 .word 1342439424
 1607 0004 00050450 	 .word 1342440704
 1608 0008 00000000 	 .word 0
 1609 000c 00000000 	 .word 0
 1610 0010 00       	 .byte 0
 1611 0011 00       	 .byte 0
 1612 0012 00       	 .byte 0
 1613 0013 00       	 .space 1
 1614              	 .section .bss.XMC_USBH0_dfifo_ptr,"aw",%nobits
 1615              	 .align 2
 1616              	 .set .LANCHOR4,.+0
 1619              	XMC_USBH0_dfifo_ptr:
 1620 0000 00000000 	 .space 56
 1620      00000000 
 1620      00000000 
 1620      00000000 
 1620      00000000 
 1621              	 .section .data.VBUS_pin,"aw",%progbits
 1622              	 .align 2
 1623              	 .set .LANCHOR3,.+0
 1626              	VBUS_pin:
 1627 0000 02000000 	 .word 2
 1628              	 .section .data.VBUS_port,"aw",%progbits
 1629              	 .align 2
 1630              	 .set .LANCHOR2,.+0
 1633              	VBUS_port:
 1634 0000 00830248 	 .word 1208124160
 1635              	 .section .rodata.xmc_usbh_driver_version,"a",%progbits
 1636              	 .align 1
 1637              	 .set .LANCHOR0,.+0
 1640              	xmc_usbh_driver_version:
 1641 0000 0102     	 .short 513
 1642 0002 1801     	 .short 280
 1643              	 .section .rodata.Driver_USBH0,"a",%progbits
 1644              	 .align 2
 1647              	Driver_USBH0:
 1648 0000 00000000 	 .word XMC_USBH_GetVersion
 1649 0004 00000000 	 .word XMC_USBH_GetCapabilities
 1650 0008 00000000 	 .word XMC_USBH_Initialize
 1651 000c 00000000 	 .word XMC_USBH_Uninitialize
 1652 0010 00000000 	 .word XMC_USBH_PowerControl
 1653 0014 00000000 	 .word XMC_USBH_PortVbusOnOff
 1654 0018 00000000 	 .word XMC_USBH_PortReset
 1655 001c 00000000 	 .word XMC_USBH_PortSuspend
 1656 0020 00000000 	 .word XMC_USBH_PortResume
 1657 0024 00000000 	 .word XMC_USBH_PortGetState
 1658 0028 00000000 	 .word XMC_USBH_PipeCreate
 1659 002c 00000000 	 .word XMC_USBH_PipeModify
 1660 0030 00000000 	 .word XMC_USBH_PipeDelete
 1661 0034 00000000 	 .word XMC_USBH_PipeReset
 1662 0038 00000000 	 .word XMC_USBH_PipeTransfer
 1663 003c 00000000 	 .word XMC_USBH_PipeTransferGetResult
 1664 0040 00000000 	 .word XMC_USBH_PipeTransferAbort
 1665 0044 00000000 	 .word XMC_USBH_GetFrameNumber
 1666              	 .ident "GCC: (GNU Tools for ARM Embedded Processors) 4.9.3 20141119 (release) [ARM/embedded-4_9-branch revision 218278]"
DEFINED SYMBOLS
                            *ABS*:00000000 xmc_usbh.c
    {standard input}:17     .text.XMC_USBH_GetVersion:00000000 $t
    {standard input}:21     .text.XMC_USBH_GetVersion:00000000 XMC_USBH_GetVersion
    {standard input}:40     .text.XMC_USBH_GetVersion:00000020 $d
    {standard input}:43     .text.XMC_USBH_GetCapabilities:00000000 $t
    {standard input}:47     .text.XMC_USBH_GetCapabilities:00000000 XMC_USBH_GetCapabilities
    {standard input}:60     .text.XMC_USBH_PortSuspend:00000000 $t
    {standard input}:64     .text.XMC_USBH_PortSuspend:00000000 XMC_USBH_PortSuspend
    {standard input}:90     .text.XMC_USBH_PortSuspend:00000034 $d
    {standard input}:93     .text.XMC_USBH_PortGetState:00000000 $t
    {standard input}:97     .text.XMC_USBH_PortGetState:00000000 XMC_USBH_PortGetState
    {standard input}:126    .text.XMC_USBH_PortGetState:00000034 $d
    {standard input}:129    .text.XMC_USBH_PipeModify:00000000 $t
    {standard input}:133    .text.XMC_USBH_PipeModify:00000000 XMC_USBH_PipeModify
    {standard input}:174    .text.XMC_USBH_PipeModify:00000054 $d
                            *COM*:000001c0 pipe
    {standard input}:179    .text.XMC_USBH_PipeReset:00000000 $t
    {standard input}:183    .text.XMC_USBH_PipeReset:00000000 XMC_USBH_PipeReset
    {standard input}:216    .text.XMC_USBH_PipeReset:00000038 $d
    {standard input}:220    .text.XMC_USBH_PipeDelete:00000000 $t
    {standard input}:224    .text.XMC_USBH_PipeDelete:00000000 XMC_USBH_PipeDelete
    {standard input}:262    .text.XMC_USBH_PipeDelete:00000048 $d
    {standard input}:266    .text.XMC_USBH_PipeCreate:00000000 $t
    {standard input}:270    .text.XMC_USBH_PipeCreate:00000000 XMC_USBH_PipeCreate
    {standard input}:354    .text.XMC_USBH_PipeCreate:000000cc $d
    {standard input}:358    .text.XMC_USBH_PipeTransferGetResult:00000000 $t
    {standard input}:362    .text.XMC_USBH_PipeTransferGetResult:00000000 XMC_USBH_PipeTransferGetResult
    {standard input}:379    .text.XMC_USBH_PipeTransferGetResult:00000014 $d
    {standard input}:383    .text.XMC_USBH_GetFrameNumber:00000000 $t
    {standard input}:387    .text.XMC_USBH_GetFrameNumber:00000000 XMC_USBH_GetFrameNumber
    {standard input}:402    .text.XMC_USBH_GetFrameNumber:00000014 $d
    {standard input}:405    .text.XMC_USBH_PortVbusOnOff:00000000 $t
    {standard input}:409    .text.XMC_USBH_PortVbusOnOff:00000000 XMC_USBH_PortVbusOnOff
    {standard input}:450    .text.XMC_USBH_PortVbusOnOff:00000054 $d
    {standard input}:455    .text.XMC_USBH_Initialize:00000000 $t
    {standard input}:459    .text.XMC_USBH_Initialize:00000000 XMC_USBH_Initialize
    {standard input}:491    .text.XMC_USBH_Initialize:00000038 $d
    {standard input}:497    .text.XMC_lStartTransfer:00000000 $t
    {standard input}:501    .text.XMC_lStartTransfer:00000000 XMC_lStartTransfer
    {standard input}:553    .text.XMC_lStartTransfer:00000080 $d
    {standard input}:557    .text.XMC_lStartTransfer:00000084 $t
    {standard input}:651    .text.XMC_lStartTransfer:00000160 $d
    {standard input}:656    .text.XMC_USBH_PipeTransfer:00000000 $t
    {standard input}:660    .text.XMC_USBH_PipeTransfer:00000000 XMC_USBH_PipeTransfer
    {standard input}:733    .text.XMC_USBH_PipeTransfer:000000a4 $d
    {standard input}:737    .text.XMC_USBH_HandleIrq:00000000 $t
    {standard input}:742    .text.XMC_USBH_HandleIrq:00000000 XMC_USBH_HandleIrq
    {standard input}:1013   .text.XMC_USBH_HandleIrq:00000268 $d
                            *COM*:0000000e is_nack
    {standard input}:1020   .text.XMC_USBH_HandleIrq:00000280 $t
    {standard input}:1185   .text.XMC_USBH_HandleIrq:0000041c $d
    {standard input}:1190   .text.XMC_USBH_GetInterruptStatus:00000000 $t
    {standard input}:1195   .text.XMC_USBH_GetInterruptStatus:00000000 XMC_USBH_GetInterruptStatus
    {standard input}:1206   .text.XMC_USBH_GetInterruptStatus:00000008 $d
    {standard input}:1209   .text.XMC_USBH_Select_VBUS:00000000 $t
    {standard input}:1214   .text.XMC_USBH_Select_VBUS:00000000 XMC_USBH_Select_VBUS
    {standard input}:1228   .text.XMC_USBH_Select_VBUS:00000010 $d
    {standard input}:1232   .text.XMC_USBH_TurnOffResumeBit:00000000 $t
    {standard input}:1237   .text.XMC_USBH_TurnOffResumeBit:00000000 XMC_USBH_TurnOffResumeBit
    {standard input}:1250   .text.XMC_USBH_TurnOffResumeBit:00000014 $d
    {standard input}:1253   .text.XMC_USBH_osDelay:00000000 $t
    {standard input}:1258   .text.XMC_USBH_osDelay:00000000 XMC_USBH_osDelay
    {standard input}:1266   .text.XMC_USBH_PipeTransferAbort:00000000 $t
    {standard input}:1270   .text.XMC_USBH_PipeTransferAbort:00000000 XMC_USBH_PipeTransferAbort
    {standard input}:1332   .text.XMC_USBH_PipeTransferAbort:0000007c $d
    {standard input}:1336   .text.XMC_USBH_PortResume:00000000 $t
    {standard input}:1340   .text.XMC_USBH_PortResume:00000000 XMC_USBH_PortResume
    {standard input}:1373   .text.XMC_USBH_PortResume:0000004c $d
    {standard input}:1376   .text.XMC_USBH_PortReset:00000000 $t
    {standard input}:1380   .text.XMC_USBH_PortReset:00000000 XMC_USBH_PortReset
    {standard input}:1423   .text.XMC_USBH_PortReset:0000005c $d
    {standard input}:1426   .text.XMC_USBH_PowerControl:00000000 $t
    {standard input}:1430   .text.XMC_USBH_PowerControl:00000000 XMC_USBH_PowerControl
    {standard input}:1567   .text.XMC_USBH_PowerControl:0000014c $d
    {standard input}:1575   .text.XMC_USBH_Uninitialize:00000000 $t
    {standard input}:1579   .text.XMC_USBH_Uninitialize:00000000 XMC_USBH_Uninitialize
    {standard input}:1593   .text.XMC_USBH_Uninitialize:00000014 $d
    {standard input}:1647   .rodata.Driver_USBH0:00000000 Driver_USBH0
    {standard input}:1626   .data.VBUS_pin:00000000 VBUS_pin
    {standard input}:1633   .data.VBUS_port:00000000 VBUS_port
    {standard input}:1601   .data.XMC_USBH0_device:00000000 $d
    {standard input}:1605   .data.XMC_USBH0_device:00000000 XMC_USBH0_device
    {standard input}:1615   .bss.XMC_USBH0_dfifo_ptr:00000000 $d
    {standard input}:1619   .bss.XMC_USBH0_dfifo_ptr:00000000 XMC_USBH0_dfifo_ptr
    {standard input}:1622   .data.VBUS_pin:00000000 $d
    {standard input}:1629   .data.VBUS_port:00000000 $d
    {standard input}:1636   .rodata.xmc_usbh_driver_version:00000000 $d
    {standard input}:1640   .rodata.xmc_usbh_driver_version:00000000 xmc_usbh_driver_version
    {standard input}:1644   .rodata.Driver_USBH0:00000000 $d

UNDEFINED SYMBOLS
memset
XMC_GPIO_SetMode
XMC_SCU_CLOCK_GatePeripheralClock
XMC_SCU_POWER_DisableUsb
XMC_SCU_RESET_AssertPeripheralReset
XMC_SCU_CLOCK_UngatePeripheralClock
XMC_SCU_RESET_DeassertPeripheralReset
XMC_SCU_POWER_EnableUsb
